Log file open, 12/13/19 09:32:35
LogWindows: Failed to load 'aqProf.dll' (GetLastError=126)
LogWindows: File 'aqProf.dll' does not exist
LogWindows: Failed to load 'VtuneApi.dll' (GetLastError=126)
LogWindows: File 'VtuneApi.dll' does not exist
LogWindows: Failed to load 'VtuneApi32e.dll' (GetLastError=126)
LogWindows: File 'VtuneApi32e.dll' does not exist
LogConsoleResponse: Display: Failed to find resolution value strings in scalability ini. Falling back to default.
LogInit: Display: Running engine for game: ScaryTag
LogPlatformFile: Not using cached read wrapper
LogTaskGraph: Started task graph with 5 named threads and 35 total threads with 3 sets of task threads.
LogStats: Stats thread started at 0.065267
LogD3D11RHI: Loaded GFSDK_Aftermath_Lib.x64.dll
LogICUInternationalization: ICU TimeZone Detection - Raw Offset: -5:00, Platform Override: ''
LogPluginManager: Mounting plugin Paper2D
LogPluginManager: Mounting plugin AISupport
LogPluginManager: Mounting plugin LightPropagationVolume
LogPluginManager: Mounting plugin ActorLayerUtilities
LogPluginManager: Mounting plugin AnimationSharing
LogPluginManager: Mounting plugin CLionSourceCodeAccess
LogPluginManager: Mounting plugin CodeLiteSourceCodeAccess
LogPluginManager: Mounting plugin GitSourceControl
LogPluginManager: Mounting plugin KDevelopSourceCodeAccess
LogPluginManager: Mounting plugin NullSourceCodeAccess
LogPluginManager: Mounting plugin PerforceSourceControl
LogPluginManager: Mounting plugin SubversionSourceControl
LogPluginManager: Mounting plugin UObjectPlugin
LogPluginManager: Mounting plugin VisualStudioCodeSourceCodeAccess
LogPluginManager: Mounting plugin VisualStudioSourceCodeAccess
LogPluginManager: Mounting plugin XCodeSourceCodeAccess
LogPluginManager: Mounting plugin AssetManagerEditor
LogPluginManager: Mounting plugin CryptoKeys
LogPluginManager: Mounting plugin CurveEditorTools
LogPluginManager: Mounting plugin DataValidation
LogPluginManager: Mounting plugin FacialAnimation
LogPluginManager: Mounting plugin GameplayTagsEditor
LogPluginManager: Mounting plugin MacGraphicsSwitching
LogPluginManager: Mounting plugin MaterialAnalyzer
LogPluginManager: Mounting plugin MobileLauncherProfileWizard
LogPluginManager: Mounting plugin PluginBrowser
LogPluginManager: Mounting plugin SpeedTreeImporter
LogPluginManager: Mounting plugin DatasmithContent
LogPluginManager: Mounting plugin VariantManagerContent
LogPluginManager: Mounting plugin AlembicImporter
LogPluginManager: Mounting plugin AutomationUtils
LogPluginManager: Mounting plugin BackChannel
LogPluginManager: Mounting plugin CharacterAI
LogPluginManager: Mounting plugin GeometryCache
LogPluginManager: Mounting plugin HTML5Networking
LogPluginManager: Mounting plugin PlatformCrypto
LogPluginManager: Mounting plugin ProxyLODPlugin
LogPluginManager: Mounting plugin SkeletalReduction
LogPluginManager: Mounting plugin MagicLeap
LogPluginManager: Mounting plugin MagicLeapMedia
LogPluginManager: Mounting plugin AndroidMedia
LogPluginManager: Mounting plugin AvfMedia
LogPluginManager: Mounting plugin ImgMedia
LogPluginManager: Mounting plugin MediaCompositing
LogPluginManager: Mounting plugin MediaPlayerEditor
LogPluginManager: Mounting plugin WebMMedia
LogPluginManager: Mounting plugin WmfMedia
LogPluginManager: Mounting plugin TcpMessaging
LogPluginManager: Mounting plugin UdpMessaging
LogPluginManager: Mounting plugin ActorSequence
LogPluginManager: Mounting plugin LevelSequenceEditor
LogPluginManager: Mounting plugin MatineeToLevelSequence
LogPluginManager: Mounting plugin NetcodeUnitTest
LogPluginManager: Mounting plugin NUTUnrealEngine4
LogPluginManager: Mounting plugin OnlineSubsystemGooglePlay
LogPluginManager: Mounting plugin OnlineSubsystemIOS
LogPluginManager: Mounting plugin OnlineSubsystem
LogPluginManager: Mounting plugin OnlineSubsystemNull
LogPluginManager: Mounting plugin OnlineSubsystemUtils
LogPluginManager: Mounting plugin LauncherChunkInstaller
LogPluginManager: Mounting plugin AndroidDeviceProfileSelector
LogPluginManager: Mounting plugin AndroidMoviePlayer
LogPluginManager: Mounting plugin AndroidPermission
LogPluginManager: Mounting plugin AppleImageUtils
LogPluginManager: Mounting plugin AppleMoviePlayer
LogPluginManager: Mounting plugin ArchVisCharacter
LogPluginManager: Mounting plugin AudioCapture
LogPluginManager: Mounting plugin CableComponent
LogPluginManager: Mounting plugin CustomMeshComponent
LogPluginManager: Mounting plugin EditableMesh
LogPluginManager: Mounting plugin ExampleDeviceProfileSelector
LogPluginManager: Mounting plugin GoogleCloudMessaging
LogPluginManager: Mounting plugin IOSDeviceProfileSelector
LogPluginManager: Mounting plugin LinuxDeviceProfileSelector
LogPluginManager: Mounting plugin LocationServicesBPLibrary
LogPluginManager: Mounting plugin MobilePatchingUtils
LogPluginManager: Mounting plugin OculusVR
LogPluginManager: Mounting plugin PhysXVehicles
LogPluginManager: Mounting plugin ProceduralMeshComponent
LogPluginManager: Mounting plugin RuntimePhysXCooking
LogPluginManager: Mounting plugin SignificanceManager
LogPluginManager: Mounting plugin SteamVR
LogPluginManager: Mounting plugin WebMMoviePlayer
LogPluginManager: Mounting plugin WindowsMoviePlayer
LogPluginManager: Mounting plugin ScreenshotTools
LogPluginManager: Mounting plugin UnrealEnginePython
LogInit: Using libcurl 7.55.1-DEV
LogInit:  - built for x86_64-pc-win32
LogInit:  - supports SSL with OpenSSL/1.1.1
LogInit:  - supports HTTP deflate (compression) using libz 1.2.8
LogInit:  - other features:
LogInit:      CURL_VERSION_SSL
LogInit:      CURL_VERSION_LIBZ
LogInit:      CURL_VERSION_IPV6
LogInit:      CURL_VERSION_ASYNCHDNS
LogInit:      CURL_VERSION_LARGEFILE
LogInit:      CURL_VERSION_IDN
LogInit:  CurlRequestOptions (configurable via config and command line):
LogInit:  - bVerifyPeer = true  - Libcurl will verify peer certificate
LogInit:  - bUseHttpProxy = false  - Libcurl will NOT use HTTP proxy
LogInit:  - bDontReuseConnections = false  - Libcurl will reuse connections
LogInit:  - MaxHostConnections = 16  - Libcurl will limit the number of connections to a host
LogInit:  - LocalHostAddr = Default
LogInit:  - BufferSize = 65536
LogOnline: OSS: Creating online subsystem instance for: NULL
LogInit: WinSock: version 1.1 (2.2), MaxSocks=32767, MaxUdp=65467
LogInit: Build: ++UE4+Release-4.23-CL-9631420
LogInit: Engine Version: 4.23.1-9631420+++UE4+Release-4.23
LogInit: Compatible Engine Version: 4.23.0-8386587+++UE4+Release-4.23
LogInit: Net CL: 8386587
LogInit: OS: Windows 10 (Release 1809) (), CPU: Intel(R) Core(TM) i7-9750H CPU @ 2.60GHz, GPU: Intel(R) UHD Graphics 630
LogInit: Compiled (64-bit): Oct 18 2019 02:07:44
LogInit: Compiled with Visual C++: 19.16.27030.01
LogInit: Build Configuration: Development
LogInit: Branch Name: ++UE4+Release-4.23
LogInit: Command Line: 
LogInit: Base Directory: C:/Program Files/Epic Games/UE_4.23/Engine/Binaries/Win64/
LogInit: Installed Engine Build: 1
LogDevObjectVersion: Number of dev versions registered: 23
LogDevObjectVersion:   Dev-Blueprints (B0D832E4-1F89-4F0D-ACCF-7EB736FD4AA2): 10
LogDevObjectVersion:   Dev-Build (E1C64328-A22C-4D53-A36C-8E866417BD8C): 0
LogDevObjectVersion:   Dev-Core (375EC13C-06E4-48FB-B500-84F0262A717E): 3
LogDevObjectVersion:   Dev-Editor (E4B068ED-F494-42E9-A231-DA0B2E46BB41): 34
LogDevObjectVersion:   Dev-Framework (CFFC743F-43B0-4480-9391-14DF171D2073): 35
LogDevObjectVersion:   Dev-Mobile (B02B49B5-BB20-44E9-A304-32B752E40360): 2
LogDevObjectVersion:   Dev-Networking (A4E4105C-59A1-49B5-A7C5-40C4547EDFEE): 0
LogDevObjectVersion:   Dev-Online (39C831C9-5AE6-47DC-9A44-9C173E1C8E7C): 0
LogDevObjectVersion:   Dev-Physics (78F01B33-EBEA-4F98-B9B4-84EACCB95AA2): 0
LogDevObjectVersion:   Dev-Platform (6631380F-2D4D-43E0-8009-CF276956A95A): 0
LogDevObjectVersion:   Dev-Rendering (12F88B9F-8875-4AFC-A67C-D90C383ABD29): 31
LogDevObjectVersion:   Dev-Sequencer (7B5AE74C-D270-4C10-A958-57980B212A5A): 11
LogDevObjectVersion:   Dev-VR (D7296918-1DD6-4BDD-9DE2-64A83CC13884): 2
LogDevObjectVersion:   Dev-LoadTimes (C2A15278-BFE7-4AFE-6C17-90FF531DF755): 1
LogDevObjectVersion:   Private-Geometry (6EACA3D4-40EC-4CC1-B786-8BED09428FC5): 3
LogDevObjectVersion:   Dev-AnimPhys (29E575DD-E0A3-4627-9D10-D276232CDCEA): 17
LogDevObjectVersion:   Dev-Anim (AF43A65D-7FD3-4947-9873-3E8ED9C1BB05): 2
LogDevObjectVersion:   Dev-ReflectionCapture (6B266CEC-1EC7-4B8F-A30B-E4D90942FC07): 1
LogDevObjectVersion:   Dev-Automation (0DF73D61-A23F-47EA-B727-89E90C41499A): 1
LogDevObjectVersion:   FortniteMain (601D1886-AC64-4F84-AA16-D3DE0DEAC7D6): 27
LogDevObjectVersion:   Dev-Enterprise (9DFFBCD6-494F-0158-E221-12823C92A888): 6
LogDevObjectVersion:   Dev-Niagara (F2AED0AC-9AFE-416F-8664-AA7FFA26D6FC): 1
LogDevObjectVersion:   Dev-Destruction (174F1F0B-B4C6-45A5-B13F-2EE8D0FB917D): 9
LogInit: Presizing for max 16777216 objects, including 0 objects not considered by GC, pre-allocating 0 bytes for permanent pool.
LogInit: Object subsystem initialized
LogConfig: Setting CVar [[con.DebugEarlyDefault:1]]
LogConfig: Setting CVar [[r.setres:1280x720]]
[2019.12.13-14.32.35:211][  0]LogConfig: Setting CVar [[r.VSync:0]]
[2019.12.13-14.32.35:211][  0]LogConfig: Setting CVar [[r.RHICmdBypass:0]]
[2019.12.13-14.32.35:211][  0]LogConfig: Applying CVar settings from Section [/Script/Engine.RendererSettings] File [C:/Users/Raphael/Documents/Unreal Projects/ScaryTag/Saved/Config/Windows/Engine.ini]
[2019.12.13-14.32.35:211][  0]LogConfig: Setting CVar [[r.GPUCrashDebugging:0]]
[2019.12.13-14.32.35:211][  0]LogConfig: Applying CVar settings from Section [/Script/Engine.RendererOverrideSettings] File [C:/Users/Raphael/Documents/Unreal Projects/ScaryTag/Saved/Config/Windows/Engine.ini]
[2019.12.13-14.32.35:211][  0]LogConfig: Applying CVar settings from Section [/Script/Engine.StreamingSettings] File [C:/Users/Raphael/Documents/Unreal Projects/ScaryTag/Saved/Config/Windows/Engine.ini]
[2019.12.13-14.32.35:211][  0]LogConfig: Setting CVar [[s.MinBulkDataSizeForAsyncLoading:131072]]
[2019.12.13-14.32.35:211][  0]LogConfig: Setting CVar [[s.AsyncLoadingThreadEnabled:0]]
[2019.12.13-14.32.35:211][  0]LogConfig: Setting CVar [[s.EventDrivenLoaderEnabled:1]]
[2019.12.13-14.32.35:211][  0]LogConfig: Setting CVar [[s.WarnIfTimeLimitExceeded:0]]
[2019.12.13-14.32.35:211][  0]LogConfig: Setting CVar [[s.TimeLimitExceededMultiplier:1.5]]
[2019.12.13-14.32.35:211][  0]LogConfig: Setting CVar [[s.TimeLimitExceededMinTime:0.005]]
[2019.12.13-14.32.35:212][  0]LogConfig: Setting CVar [[s.UseBackgroundLevelStreaming:1]]
[2019.12.13-14.32.35:212][  0]LogConfig: Setting CVar [[s.PriorityAsyncLoadingExtraTime:15.0]]
[2019.12.13-14.32.35:212][  0]LogConfig: Setting CVar [[s.LevelStreamingActorsUpdateTimeLimit:5.0]]
[2019.12.13-14.32.35:212][  0]LogConfig: Setting CVar [[s.PriorityLevelStreamingActorsUpdateExtraTime:5.0]]
[2019.12.13-14.32.35:212][  0]LogConfig: Setting CVar [[s.LevelStreamingComponentsRegistrationGranularity:10]]
[2019.12.13-14.32.35:212][  0]LogConfig: Setting CVar [[s.UnregisterComponentsTimeLimit:1.0]]
[2019.12.13-14.32.35:212][  0]LogConfig: Setting CVar [[s.LevelStreamingComponentsUnregistrationGranularity:5]]
[2019.12.13-14.32.35:212][  0]LogConfig: Applying CVar settings from Section [/Script/Engine.GarbageCollectionSettings] File [C:/Users/Raphael/Documents/Unreal Projects/ScaryTag/Saved/Config/Windows/Engine.ini]
[2019.12.13-14.32.35:212][  0]LogConfig: Setting CVar [[gc.MaxObjectsNotConsideredByGC:1]]
[2019.12.13-14.32.35:212][  0]LogConfig: Setting CVar [[gc.SizeOfPermanentObjectPool:0]]
[2019.12.13-14.32.35:212][  0]LogConfig: Setting CVar [[gc.FlushStreamingOnGC:0]]
[2019.12.13-14.32.35:212][  0]LogConfig: Setting CVar [[gc.NumRetriesBeforeForcingGC:10]]
[2019.12.13-14.32.35:212][  0]LogConfig: Setting CVar [[gc.AllowParallelGC:1]]
[2019.12.13-14.32.35:212][  0]LogConfig: Setting CVar [[gc.TimeBetweenPurgingPendingKillObjects:61.1]]
[2019.12.13-14.32.35:212][  0]LogConfig: Setting CVar [[gc.MaxObjectsInEditor:16777216]]
[2019.12.13-14.32.35:212][  0]LogConfig: Setting CVar [[gc.IncrementalBeginDestroyEnabled:1]]
[2019.12.13-14.32.35:212][  0]LogConfig: Setting CVar [[gc.CreateGCClusters:1]]
[2019.12.13-14.32.35:212][  0]LogConfig: Setting CVar [[gc.MinGCClusterSize:5]]
[2019.12.13-14.32.35:212][  0]LogConfig: Setting CVar [[gc.ActorClusteringEnabled:0]]
[2019.12.13-14.32.35:212][  0]LogConfig: Setting CVar [[gc.BlueprintClusteringEnabled:0]]
[2019.12.13-14.32.35:212][  0]LogConfig: Setting CVar [[gc.UseDisregardForGCOnDedicatedServers:0]]
[2019.12.13-14.32.35:212][  0]LogConfig: Applying CVar settings from Section [/Script/Engine.NetworkSettings] File [C:/Users/Raphael/Documents/Unreal Projects/ScaryTag/Saved/Config/Windows/Engine.ini]
[2019.12.13-14.32.35:212][  0]LogConfig: Applying CVar settings from Section [/Script/UnrealEd.CookerSettings] File [C:/Users/Raphael/Documents/Unreal Projects/ScaryTag/Saved/Config/Windows/Engine.ini]
[2019.12.13-14.32.35:217][  0]LogConfig: Applying CVar settings from Section [ViewDistanceQuality@3] File [C:/Users/Raphael/Documents/Unreal Projects/ScaryTag/Saved/Config/Windows/Scalability.ini]
[2019.12.13-14.32.35:217][  0]LogConfig: Setting CVar [[r.SkeletalMeshLODBias:0]]
[2019.12.13-14.32.35:217][  0]LogConfig: Setting CVar [[r.ViewDistanceScale:1.0]]
[2019.12.13-14.32.35:217][  0]LogConfig: Applying CVar settings from Section [AntiAliasingQuality@3] File [C:/Users/Raphael/Documents/Unreal Projects/ScaryTag/Saved/Config/Windows/Scalability.ini]
[2019.12.13-14.32.35:217][  0]LogConfig: Setting CVar [[r.PostProcessAAQuality:4]]
[2019.12.13-14.32.35:217][  0]LogConfig: Applying CVar settings from Section [ShadowQuality@3] File [C:/Users/Raphael/Documents/Unreal Projects/ScaryTag/Saved/Config/Windows/Scalability.ini]
[2019.12.13-14.32.35:217][  0]LogConfig: Setting CVar [[r.LightFunctionQuality:1]]
[2019.12.13-14.32.35:217][  0]LogConfig: Setting CVar [[r.ShadowQuality:5]]
[2019.12.13-14.32.35:217][  0]LogConfig: Setting CVar [[r.Shadow.CSM.MaxCascades:10]]
[2019.12.13-14.32.35:217][  0]LogConfig: Setting CVar [[r.Shadow.MaxResolution:2048]]
[2019.12.13-14.32.35:217][  0]LogConfig: Setting CVar [[r.Shadow.MaxCSMResolution:2048]]
[2019.12.13-14.32.35:217][  0]LogConfig: Setting CVar [[r.Shadow.RadiusThreshold:0.01]]
[2019.12.13-14.32.35:217][  0]LogConfig: Setting CVar [[r.Shadow.DistanceScale:1.0]]
[2019.12.13-14.32.35:217][  0]LogConfig: Setting CVar [[r.Shadow.CSM.TransitionScale:1.0]]
[2019.12.13-14.32.35:217][  0]LogConfig: Setting CVar [[r.Shadow.PreShadowResolutionFactor:1.0]]
[2019.12.13-14.32.35:217][  0]LogConfig: Setting CVar [[r.DistanceFieldShadowing:1]]
[2019.12.13-14.32.35:217][  0]LogConfig: Setting CVar [[r.DistanceFieldAO:1]]
[2019.12.13-14.32.35:217][  0]LogConfig: Setting CVar [[r.AOQuality:2]]
[2019.12.13-14.32.35:217][  0]LogConfig: Setting CVar [[r.VolumetricFog:1]]
[2019.12.13-14.32.35:217][  0]LogConfig: Setting CVar [[r.VolumetricFog.GridPixelSize:8]]
[2019.12.13-14.32.35:217][  0]LogConfig: Setting CVar [[r.VolumetricFog.GridSizeZ:128]]
[2019.12.13-14.32.35:217][  0]LogConfig: Setting CVar [[r.VolumetricFog.HistoryMissSupersampleCount:4]]
[2019.12.13-14.32.35:217][  0]LogConfig: Setting CVar [[r.LightMaxDrawDistanceScale:1]]
[2019.12.13-14.32.35:217][  0]LogConfig: Setting CVar [[r.CapsuleShadows:1]]
[2019.12.13-14.32.35:217][  0]LogConfig: Applying CVar settings from Section [PostProcessQuality@3] File [C:/Users/Raphael/Documents/Unreal Projects/ScaryTag/Saved/Config/Windows/Scalability.ini]
[2019.12.13-14.32.35:217][  0]LogConfig: Setting CVar [[r.MotionBlurQuality:4]]
[2019.12.13-14.32.35:217][  0]LogConfig: Setting CVar [[r.AmbientOcclusionMipLevelFactor:0.4]]
[2019.12.13-14.32.35:217][  0]LogConfig: Setting CVar [[r.AmbientOcclusionMaxQuality:100]]
[2019.12.13-14.32.35:217][  0]LogConfig: Setting CVar [[r.AmbientOcclusionLevels:-1]]
[2019.12.13-14.32.35:217][  0]LogConfig: Setting CVar [[r.AmbientOcclusionRadiusScale:1.0]]
[2019.12.13-14.32.35:217][  0]LogConfig: Setting CVar [[r.DepthOfFieldQuality:2]]
[2019.12.13-14.32.35:217][  0]LogConfig: Setting CVar [[r.RenderTargetPoolMin:400]]
[2019.12.13-14.32.35:217][  0]LogConfig: Setting CVar [[r.LensFlareQuality:2]]
[2019.12.13-14.32.35:217][  0]LogConfig: Setting CVar [[r.SceneColorFringeQuality:1]]
[2019.12.13-14.32.35:217][  0]LogConfig: Setting CVar [[r.EyeAdaptationQuality:2]]
[2019.12.13-14.32.35:217][  0]LogConfig: Setting CVar [[r.BloomQuality:5]]
[2019.12.13-14.32.35:217][  0]LogConfig: Setting CVar [[r.FastBlurThreshold:100]]
[2019.12.13-14.32.35:217][  0]LogConfig: Setting CVar [[r.Upscale.Quality:3]]
[2019.12.13-14.32.35:217][  0]LogConfig: Setting CVar [[r.Tonemapper.GrainQuantization:1]]
[2019.12.13-14.32.35:217][  0]LogConfig: Setting CVar [[r.LightShaftQuality:1]]
[2019.12.13-14.32.35:217][  0]LogConfig: Setting CVar [[r.Filter.SizeScale:1]]
[2019.12.13-14.32.35:217][  0]LogConfig: Setting CVar [[r.Tonemapper.Quality:5]]
[2019.12.13-14.32.35:217][  0]LogConfig: Setting CVar [[r.DOF.Gather.AccumulatorQuality:1        ; higher gathering accumulator quality]]
[2019.12.13-14.32.35:217][  0]LogConfig: Setting CVar [[r.DOF.Gather.PostfilterMethod:1          ; Median3x3 postfilering method]]
[2019.12.13-14.32.35:217][  0]LogConfig: Setting CVar [[r.DOF.Gather.EnableBokehSettings:0       ; no bokeh simulation when gathering]]
[2019.12.13-14.32.35:217][  0]LogConfig: Setting CVar [[r.DOF.Gather.RingCount:4                 ; medium number of samples when gathering]]
[2019.12.13-14.32.35:217][  0]LogConfig: Setting CVar [[r.DOF.Scatter.ForegroundCompositing:1    ; additive foreground scattering]]
[2019.12.13-14.32.35:217][  0]LogConfig: Setting CVar [[r.DOF.Scatter.BackgroundCompositing:2    ; additive background scattering]]
[2019.12.13-14.32.35:217][  0]LogConfig: Setting CVar [[r.DOF.Scatter.EnableBokehSettings:1      ; bokeh simulation when scattering]]
[2019.12.13-14.32.35:217][  0]LogConfig: Setting CVar [[r.DOF.Scatter.MaxSpriteRatio:0.1         ; only a maximum of 10% of scattered bokeh]]
[2019.12.13-14.32.35:217][  0]LogConfig: Setting CVar [[r.DOF.Recombine.Quality:1                ; cheap slight out of focus]]
[2019.12.13-14.32.35:217][  0]LogConfig: Setting CVar [[r.DOF.Recombine.EnableBokehSettings:0    ; no bokeh simulation on slight out of focus]]
[2019.12.13-14.32.35:217][  0]LogConfig: Setting CVar [[r.DOF.TemporalAAQuality:1                ; more stable temporal accumulation]]
[2019.12.13-14.32.35:217][  0]LogConfig: Setting CVar [[r.DOF.Kernel.MaxForegroundRadius:0.025]]
[2019.12.13-14.32.35:217][  0]LogConfig: Setting CVar [[r.DOF.Kernel.MaxBackgroundRadius:0.025]]
[2019.12.13-14.32.35:217][  0]LogConfig: Applying CVar settings from Section [TextureQuality@3] File [C:/Users/Raphael/Documents/Unreal Projects/ScaryTag/Saved/Config/Windows/Scalability.ini]
[2019.12.13-14.32.35:217][  0]LogConfig: Setting CVar [[r.Streaming.MipBias:0]]
[2019.12.13-14.32.35:217][  0]LogConfig: Setting CVar [[r.Streaming.AmortizeCPUToGPUCopy:0]]
[2019.12.13-14.32.35:217][  0]LogConfig: Setting CVar [[r.Streaming.MaxNumTexturesToStreamPerFrame:0]]
[2019.12.13-14.32.35:217][  0]LogConfig: Setting CVar [[r.Streaming.Boost:1]]
[2019.12.13-14.32.35:217][  0]LogConfig: Setting CVar [[r.MaxAnisotropy:8]]
[2019.12.13-14.32.35:217][  0]LogConfig: Setting CVar [[r.Streaming.LimitPoolSizeToVRAM:0]]
[2019.12.13-14.32.35:217][  0]LogConfig: Setting CVar [[r.Streaming.PoolSize:1000]]
[2019.12.13-14.32.35:218][  0]LogConfig: Setting CVar [[r.Streaming.MaxEffectiveScreenSize:0]]
[2019.12.13-14.32.35:218][  0]LogConfig: Applying CVar settings from Section [EffectsQuality@3] File [C:/Users/Raphael/Documents/Unreal Projects/ScaryTag/Saved/Config/Windows/Scalability.ini]
[2019.12.13-14.32.35:218][  0]LogConfig: Setting CVar [[r.TranslucencyLightingVolumeDim:64]]
[2019.12.13-14.32.35:218][  0]LogConfig: Setting CVar [[r.RefractionQuality:2]]
[2019.12.13-14.32.35:218][  0]LogConfig: Setting CVar [[r.SSR.Quality:3]]
[2019.12.13-14.32.35:218][  0]LogConfig: Setting CVar [[r.SceneColorFormat:4]]
[2019.12.13-14.32.35:218][  0]LogConfig: Setting CVar [[r.DetailMode:2]]
[2019.12.13-14.32.35:218][  0]LogConfig: Setting CVar [[r.TranslucencyVolumeBlur:1]]
[2019.12.13-14.32.35:218][  0]LogConfig: Setting CVar [[r.MaterialQualityLevel:1 ; High quality]]
[2019.12.13-14.32.35:218][  0]LogConfig: Setting CVar [[r.SSS.Scale:1]]
[2019.12.13-14.32.35:218][  0]LogConfig: Setting CVar [[r.SSS.SampleSet:2]]
[2019.12.13-14.32.35:218][  0]LogConfig: Setting CVar [[r.SSS.Quality:1]]
[2019.12.13-14.32.35:218][  0]LogConfig: Setting CVar [[r.SSS.HalfRes:1]]
[2019.12.13-14.32.35:218][  0]LogConfig: Setting CVar [[r.EmitterSpawnRateScale:1.0]]
[2019.12.13-14.32.35:218][  0]LogConfig: Setting CVar [[r.ParticleLightQuality:2]]
[2019.12.13-14.32.35:218][  0]LogConfig: Applying CVar settings from Section [FoliageQuality@3] File [C:/Users/Raphael/Documents/Unreal Projects/ScaryTag/Saved/Config/Windows/Scalability.ini]
[2019.12.13-14.32.35:218][  0]LogConfig: Setting CVar [[foliage.DensityScale:1.0]]
[2019.12.13-14.32.35:218][  0]LogConfig: Setting CVar [[grass.DensityScale:1.0]]
[2019.12.13-14.32.35:218][  0]LogInit: Selected Device Profile: [Windows]
[2019.12.13-14.32.35:218][  0]LogInit: Applying CVar settings loaded from the selected device profile: [Windows]
[2019.12.13-14.32.35:220][  0]LogHAL: Display: Platform has ~ 32 GB [34194128896 / 34359738368 / 32], which maps to Largest [LargestMinGB=32, LargerMinGB=12, DefaultMinGB=8, SmallerMinGB=6, SmallestMinGB=0)
[2019.12.13-14.32.35:220][  0]LogInit: Going up to parent DeviceProfile []
[2019.12.13-14.32.35:220][  0]LogConfig: Applying CVar settings from Section [ViewDistanceQuality@3] File [C:/Users/Raphael/Documents/Unreal Projects/ScaryTag/Saved/Config/Windows/Scalability.ini]
[2019.12.13-14.32.35:220][  0]LogConfig: Setting CVar [[r.SkeletalMeshLODBias:0]]
[2019.12.13-14.32.35:220][  0]LogConfig: Setting CVar [[r.ViewDistanceScale:1.0]]
[2019.12.13-14.32.35:220][  0]LogConfig: Applying CVar settings from Section [AntiAliasingQuality@3] File [C:/Users/Raphael/Documents/Unreal Projects/ScaryTag/Saved/Config/Windows/Scalability.ini]
[2019.12.13-14.32.35:220][  0]LogConfig: Setting CVar [[r.PostProcessAAQuality:4]]
[2019.12.13-14.32.35:220][  0]LogConfig: Applying CVar settings from Section [ShadowQuality@3] File [C:/Users/Raphael/Documents/Unreal Projects/ScaryTag/Saved/Config/Windows/Scalability.ini]
[2019.12.13-14.32.35:220][  0]LogConfig: Setting CVar [[r.LightFunctionQuality:1]]
[2019.12.13-14.32.35:220][  0]LogConfig: Setting CVar [[r.ShadowQuality:5]]
[2019.12.13-14.32.35:220][  0]LogConfig: Setting CVar [[r.Shadow.CSM.MaxCascades:10]]
[2019.12.13-14.32.35:220][  0]LogConfig: Setting CVar [[r.Shadow.MaxResolution:2048]]
[2019.12.13-14.32.35:220][  0]LogConfig: Setting CVar [[r.Shadow.MaxCSMResolution:2048]]
[2019.12.13-14.32.35:220][  0]LogConfig: Setting CVar [[r.Shadow.RadiusThreshold:0.01]]
[2019.12.13-14.32.35:220][  0]LogConfig: Setting CVar [[r.Shadow.DistanceScale:1.0]]
[2019.12.13-14.32.35:220][  0]LogConfig: Setting CVar [[r.Shadow.CSM.TransitionScale:1.0]]
[2019.12.13-14.32.35:220][  0]LogConfig: Setting CVar [[r.Shadow.PreShadowResolutionFactor:1.0]]
[2019.12.13-14.32.35:220][  0]LogConfig: Setting CVar [[r.DistanceFieldShadowing:1]]
[2019.12.13-14.32.35:220][  0]LogConfig: Setting CVar [[r.DistanceFieldAO:1]]
[2019.12.13-14.32.35:220][  0]LogConfig: Setting CVar [[r.AOQuality:2]]
[2019.12.13-14.32.35:220][  0]LogConfig: Setting CVar [[r.VolumetricFog:1]]
[2019.12.13-14.32.35:220][  0]LogConfig: Setting CVar [[r.VolumetricFog.GridPixelSize:8]]
[2019.12.13-14.32.35:220][  0]LogConfig: Setting CVar [[r.VolumetricFog.GridSizeZ:128]]
[2019.12.13-14.32.35:220][  0]LogConfig: Setting CVar [[r.VolumetricFog.HistoryMissSupersampleCount:4]]
[2019.12.13-14.32.35:220][  0]LogConfig: Setting CVar [[r.LightMaxDrawDistanceScale:1]]
[2019.12.13-14.32.35:220][  0]LogConfig: Setting CVar [[r.CapsuleShadows:1]]
[2019.12.13-14.32.35:220][  0]LogConfig: Applying CVar settings from Section [PostProcessQuality@3] File [C:/Users/Raphael/Documents/Unreal Projects/ScaryTag/Saved/Config/Windows/Scalability.ini]
[2019.12.13-14.32.35:220][  0]LogConfig: Setting CVar [[r.MotionBlurQuality:4]]
[2019.12.13-14.32.35:220][  0]LogConfig: Setting CVar [[r.AmbientOcclusionMipLevelFactor:0.4]]
[2019.12.13-14.32.35:220][  0]LogConfig: Setting CVar [[r.AmbientOcclusionMaxQuality:100]]
[2019.12.13-14.32.35:220][  0]LogConfig: Setting CVar [[r.AmbientOcclusionLevels:-1]]
[2019.12.13-14.32.35:220][  0]LogConfig: Setting CVar [[r.AmbientOcclusionRadiusScale:1.0]]
[2019.12.13-14.32.35:220][  0]LogConfig: Setting CVar [[r.DepthOfFieldQuality:2]]
[2019.12.13-14.32.35:220][  0]LogConfig: Setting CVar [[r.RenderTargetPoolMin:400]]
[2019.12.13-14.32.35:220][  0]LogConfig: Setting CVar [[r.LensFlareQuality:2]]
[2019.12.13-14.32.35:220][  0]LogConfig: Setting CVar [[r.SceneColorFringeQuality:1]]
[2019.12.13-14.32.35:220][  0]LogConfig: Setting CVar [[r.EyeAdaptationQuality:2]]
[2019.12.13-14.32.35:220][  0]LogConfig: Setting CVar [[r.BloomQuality:5]]
[2019.12.13-14.32.35:220][  0]LogConfig: Setting CVar [[r.FastBlurThreshold:100]]
[2019.12.13-14.32.35:220][  0]LogConfig: Setting CVar [[r.Upscale.Quality:3]]
[2019.12.13-14.32.35:220][  0]LogConfig: Setting CVar [[r.Tonemapper.GrainQuantization:1]]
[2019.12.13-14.32.35:220][  0]LogConfig: Setting CVar [[r.LightShaftQuality:1]]
[2019.12.13-14.32.35:220][  0]LogConfig: Setting CVar [[r.Filter.SizeScale:1]]
[2019.12.13-14.32.35:220][  0]LogConfig: Setting CVar [[r.Tonemapper.Quality:5]]
[2019.12.13-14.32.35:220][  0]LogConfig: Setting CVar [[r.DOF.Gather.AccumulatorQuality:1        ; higher gathering accumulator quality]]
[2019.12.13-14.32.35:220][  0]LogConfig: Setting CVar [[r.DOF.Gather.PostfilterMethod:1          ; Median3x3 postfilering method]]
[2019.12.13-14.32.35:220][  0]LogConfig: Setting CVar [[r.DOF.Gather.EnableBokehSettings:0       ; no bokeh simulation when gathering]]
[2019.12.13-14.32.35:220][  0]LogConfig: Setting CVar [[r.DOF.Gather.RingCount:4                 ; medium number of samples when gathering]]
[2019.12.13-14.32.35:220][  0]LogConfig: Setting CVar [[r.DOF.Scatter.ForegroundCompositing:1    ; additive foreground scattering]]
[2019.12.13-14.32.35:220][  0]LogConfig: Setting CVar [[r.DOF.Scatter.BackgroundCompositing:2    ; additive background scattering]]
[2019.12.13-14.32.35:220][  0]LogConfig: Setting CVar [[r.DOF.Scatter.EnableBokehSettings:1      ; bokeh simulation when scattering]]
[2019.12.13-14.32.35:220][  0]LogConfig: Setting CVar [[r.DOF.Scatter.MaxSpriteRatio:0.1         ; only a maximum of 10% of scattered bokeh]]
[2019.12.13-14.32.35:220][  0]LogConfig: Setting CVar [[r.DOF.Recombine.Quality:1                ; cheap slight out of focus]]
[2019.12.13-14.32.35:221][  0]LogConfig: Setting CVar [[r.DOF.Recombine.EnableBokehSettings:0    ; no bokeh simulation on slight out of focus]]
[2019.12.13-14.32.35:221][  0]LogConfig: Setting CVar [[r.DOF.TemporalAAQuality:1                ; more stable temporal accumulation]]
[2019.12.13-14.32.35:221][  0]LogConfig: Setting CVar [[r.DOF.Kernel.MaxForegroundRadius:0.025]]
[2019.12.13-14.32.35:221][  0]LogConfig: Setting CVar [[r.DOF.Kernel.MaxBackgroundRadius:0.025]]
[2019.12.13-14.32.35:221][  0]LogConfig: Applying CVar settings from Section [TextureQuality@3] File [C:/Users/Raphael/Documents/Unreal Projects/ScaryTag/Saved/Config/Windows/Scalability.ini]
[2019.12.13-14.32.35:221][  0]LogConfig: Setting CVar [[r.Streaming.MipBias:0]]
[2019.12.13-14.32.35:221][  0]LogConfig: Setting CVar [[r.Streaming.AmortizeCPUToGPUCopy:0]]
[2019.12.13-14.32.35:221][  0]LogConfig: Setting CVar [[r.Streaming.MaxNumTexturesToStreamPerFrame:0]]
[2019.12.13-14.32.35:221][  0]LogConfig: Setting CVar [[r.Streaming.Boost:1]]
[2019.12.13-14.32.35:221][  0]LogConfig: Setting CVar [[r.MaxAnisotropy:8]]
[2019.12.13-14.32.35:221][  0]LogConfig: Setting CVar [[r.Streaming.LimitPoolSizeToVRAM:0]]
[2019.12.13-14.32.35:221][  0]LogConfig: Setting CVar [[r.Streaming.PoolSize:1000]]
[2019.12.13-14.32.35:221][  0]LogConfig: Setting CVar [[r.Streaming.MaxEffectiveScreenSize:0]]
[2019.12.13-14.32.35:221][  0]LogConfig: Applying CVar settings from Section [EffectsQuality@3] File [C:/Users/Raphael/Documents/Unreal Projects/ScaryTag/Saved/Config/Windows/Scalability.ini]
[2019.12.13-14.32.35:221][  0]LogConfig: Setting CVar [[r.TranslucencyLightingVolumeDim:64]]
[2019.12.13-14.32.35:221][  0]LogConfig: Setting CVar [[r.RefractionQuality:2]]
[2019.12.13-14.32.35:221][  0]LogConfig: Setting CVar [[r.SSR.Quality:3]]
[2019.12.13-14.32.35:221][  0]LogConfig: Setting CVar [[r.SceneColorFormat:4]]
[2019.12.13-14.32.35:221][  0]LogConfig: Setting CVar [[r.DetailMode:2]]
[2019.12.13-14.32.35:221][  0]LogConfig: Setting CVar [[r.TranslucencyVolumeBlur:1]]
[2019.12.13-14.32.35:221][  0]LogConfig: Setting CVar [[r.MaterialQualityLevel:1 ; High quality]]
[2019.12.13-14.32.35:221][  0]LogConfig: Setting CVar [[r.SSS.Scale:1]]
[2019.12.13-14.32.35:221][  0]LogConfig: Setting CVar [[r.SSS.SampleSet:2]]
[2019.12.13-14.32.35:221][  0]LogConfig: Setting CVar [[r.SSS.Quality:1]]
[2019.12.13-14.32.35:221][  0]LogConfig: Setting CVar [[r.SSS.HalfRes:1]]
[2019.12.13-14.32.35:221][  0]LogConfig: Setting CVar [[r.EmitterSpawnRateScale:1.0]]
[2019.12.13-14.32.35:221][  0]LogConfig: Setting CVar [[r.ParticleLightQuality:2]]
[2019.12.13-14.32.35:221][  0]LogConfig: Applying CVar settings from Section [FoliageQuality@3] File [C:/Users/Raphael/Documents/Unreal Projects/ScaryTag/Saved/Config/Windows/Scalability.ini]
[2019.12.13-14.32.35:221][  0]LogConfig: Setting CVar [[foliage.DensityScale:1.0]]
[2019.12.13-14.32.35:221][  0]LogConfig: Setting CVar [[grass.DensityScale:1.0]]
[2019.12.13-14.32.35:221][  0]LogConfig: Applying CVar settings from Section [Startup] File [../../../Engine/Config/ConsoleVariables.ini]
[2019.12.13-14.32.35:221][  0]LogConfig: Setting CVar [[net.UseAdaptiveNetUpdateFrequency:0]]
[2019.12.13-14.32.35:221][  0]LogConfig: Setting CVar [[p.chaos.AllowCreatePhysxBodies:1]]
[2019.12.13-14.32.35:221][  0]LogConfig: Applying CVar settings from Section [ConsoleVariables] File [C:/Users/Raphael/Documents/Unreal Projects/ScaryTag/Saved/Config/Windows/Engine.ini]
[2019.12.13-14.32.35:221][  0]LogInit: Computer: MSI
[2019.12.13-14.32.35:221][  0]LogInit: User: Raphael
[2019.12.13-14.32.35:221][  0]LogInit: CPU Page size=4096, Cores=6
[2019.12.13-14.32.35:221][  0]LogInit: High frequency timer resolution =10.000000 MHz
[2019.12.13-14.32.35:221][  0]LogMemory: Memory total: Physical=31.8GB (32GB approx)
[2019.12.13-14.32.35:221][  0]LogMemory: Platform Memory Stats for Windows
[2019.12.13-14.32.35:221][  0]LogMemory: Process Physical Memory: 101.11 MB used, 101.11 MB peak
[2019.12.13-14.32.35:221][  0]LogMemory: Process Virtual Memory: 89.43 MB used, 89.43 MB peak
[2019.12.13-14.32.35:221][  0]LogMemory: Physical Memory: 13836.89 MB used,  18773.18 MB free, 32610.06 MB total
[2019.12.13-14.32.35:221][  0]LogMemory: Virtual Memory: 4689.38 MB used,  134213040.00 MB free, 134217728.00 MB total
[2019.12.13-14.32.35:224][  0]LogWindows: WindowsPlatformFeatures enabled
[2019.12.13-14.32.35:247][  0]LogInit: Using OS detected language (en-US).
[2019.12.13-14.32.35:247][  0]LogInit: Using OS detected locale (en-US).
[2019.12.13-14.32.35:248][  0]LogTextLocalizationManager: No specific localization for 'en-US' exists, so the 'en' localization will be used.
[2019.12.13-14.32.35:396][  0]LogInit: Setting process to per monitor DPI aware
[2019.12.13-14.32.35:435][  0]LogSlate: New Slate User Created.  User Index 0, Is Virtual User: 0
[2019.12.13-14.32.35:435][  0]LogSlate: Slate User Registered.  User Index 0, Is Virtual User: 0
[2019.12.13-14.32.35:594][  0]LogHMD: Failed to initialize OpenVR with code 110
[2019.12.13-14.32.35:594][  0]LogD3D11RHI: D3D11 adapters:
[2019.12.13-14.32.35:666][  0]LogD3D11RHI:    0. 'NVIDIA GeForce RTX 2060' (Feature Level 11_0)
[2019.12.13-14.32.35:666][  0]LogD3D11RHI:       5980/0/16305 MB DedicatedVideo/DedicatedSystem/SharedSystem, Outputs:2, VendorId:0x10de
[2019.12.13-14.32.35:687][  0]LogD3D11RHI:    1. 'Intel(R) UHD Graphics 630' (Feature Level 11_0)
[2019.12.13-14.32.35:687][  0]LogD3D11RHI:       128/0/16305 MB DedicatedVideo/DedicatedSystem/SharedSystem, Outputs:0, VendorId:0x8086
[2019.12.13-14.32.35:688][  0]LogD3D11RHI:    2. 'Microsoft Basic Render Driver' (Feature Level 11_0)
[2019.12.13-14.32.35:688][  0]LogD3D11RHI:       0/0/16305 MB DedicatedVideo/DedicatedSystem/SharedSystem, Outputs:0, VendorId:0x1414
[2019.12.13-14.32.35:688][  0]LogD3D11RHI: Chosen D3D11 Adapter: 0
[2019.12.13-14.32.35:717][  0]LogD3D11RHI: Creating new Direct3DDevice
[2019.12.13-14.32.35:717][  0]LogD3D11RHI:     GPU DeviceId: 0x1f11 (for the marketing name, search the web for "GPU Device Id")
[2019.12.13-14.32.35:717][  0]LogWindows: EnumDisplayDevices:
[2019.12.13-14.32.35:717][  0]LogWindows:    0. 'Intel(R) UHD Graphics 630' (P:1 D:1)
[2019.12.13-14.32.35:717][  0]LogWindows:    1. 'Intel(R) UHD Graphics 630' (P:0 D:1)
[2019.12.13-14.32.35:717][  0]LogWindows:    2. 'Intel(R) UHD Graphics 630' (P:0 D:0)
[2019.12.13-14.32.35:718][  0]LogWindows:    3. 'NVIDIA GeForce RTX 2060' (P:0 D:0)
[2019.12.13-14.32.35:718][  0]LogWindows:    4. 'NVIDIA GeForce RTX 2060' (P:0 D:0)
[2019.12.13-14.32.35:718][  0]LogWindows:    5. 'NVIDIA GeForce RTX 2060' (P:0 D:0)
[2019.12.13-14.32.35:718][  0]LogWindows:    6. 'NVIDIA GeForce RTX 2060' (P:0 D:0)
[2019.12.13-14.32.35:718][  0]LogWindows: DebugString: PrimaryIsNotTheChoosenAdapter PrimaryIsNotTheChoosenAdapter PrimaryIsNotTheChoosenAdapter FoundDriverCount:4 
[2019.12.13-14.32.35:718][  0]LogD3D11RHI:     Adapter Name: NVIDIA GeForce RTX 2060
[2019.12.13-14.32.35:718][  0]LogD3D11RHI:   Driver Version: 417.77 (internal:25.21.14.1777, unified:417.77)
[2019.12.13-14.32.35:718][  0]LogD3D11RHI:      Driver Date: 1-17-2019
[2019.12.13-14.32.35:718][  0]LogRHI: Texture pool is 4186 MB (70% of 5980 MB)
[2019.12.13-14.32.35:762][  0]LogD3D11RHI: Async texture creation enabled
[2019.12.13-14.32.35:778][  0]LogD3D11RHI: GPU Timing Frequency: 1000.000000 (Debug: 2 2)
[2019.12.13-14.32.36:044][  0]LogTemp: Display: Module 'AllDesktopTargetPlatform' loaded TargetPlatform 'AllDesktop'
[2019.12.13-14.32.36:052][  0]LogTemp: Display: Module 'MacClientTargetPlatform' loaded TargetPlatform 'MacClient'
[2019.12.13-14.32.36:060][  0]LogTemp: Display: Module 'MacNoEditorTargetPlatform' loaded TargetPlatform 'MacNoEditor'
[2019.12.13-14.32.36:068][  0]LogTemp: Display: Module 'MacServerTargetPlatform' loaded TargetPlatform 'MacServer'
[2019.12.13-14.32.36:077][  0]LogTemp: Display: Module 'MacTargetPlatform' loaded TargetPlatform 'Mac'
[2019.12.13-14.32.36:085][  0]LogTemp: Display: Module 'WindowsClientTargetPlatform' loaded TargetPlatform 'WindowsClient'
[2019.12.13-14.32.36:093][  0]LogTemp: Display: Module 'WindowsNoEditorTargetPlatform' loaded TargetPlatform 'WindowsNoEditor'
[2019.12.13-14.32.36:102][  0]LogTemp: Display: Module 'WindowsServerTargetPlatform' loaded TargetPlatform 'WindowsServer'
[2019.12.13-14.32.36:107][  0]LogTemp: Display: Module 'WindowsTargetPlatform' loaded TargetPlatform 'Windows'
[2019.12.13-14.32.36:140][  0]LogTemp: Display: Module 'AndroidTargetPlatform' loaded TargetPlatform 'Android'
[2019.12.13-14.32.36:140][  0]LogTemp: Display: Module 'AndroidTargetPlatform' loaded TargetPlatform 'Android_ASTC'
[2019.12.13-14.32.36:140][  0]LogTemp: Display: Module 'AndroidTargetPlatform' loaded TargetPlatform 'Android_ATC'
[2019.12.13-14.32.36:140][  0]LogTemp: Display: Module 'AndroidTargetPlatform' loaded TargetPlatform 'Android_DXT'
[2019.12.13-14.32.36:140][  0]LogTemp: Display: Module 'AndroidTargetPlatform' loaded TargetPlatform 'Android_ETC1'
[2019.12.13-14.32.36:140][  0]LogTemp: Display: Module 'AndroidTargetPlatform' loaded TargetPlatform 'Android_ETC1a'
[2019.12.13-14.32.36:140][  0]LogTemp: Display: Module 'AndroidTargetPlatform' loaded TargetPlatform 'Android_ETC2'
[2019.12.13-14.32.36:140][  0]LogTemp: Display: Module 'AndroidTargetPlatform' loaded TargetPlatform 'Android_PVRTC'
[2019.12.13-14.32.36:140][  0]LogTemp: Display: Module 'AndroidTargetPlatform' loaded TargetPlatform 'AndroidClient'
[2019.12.13-14.32.36:140][  0]LogTemp: Display: Module 'AndroidTargetPlatform' loaded TargetPlatform 'Android_ASTCClient'
[2019.12.13-14.32.36:140][  0]LogTemp: Display: Module 'AndroidTargetPlatform' loaded TargetPlatform 'Android_ATCClient'
[2019.12.13-14.32.36:140][  0]LogTemp: Display: Module 'AndroidTargetPlatform' loaded TargetPlatform 'Android_DXTClient'
[2019.12.13-14.32.36:140][  0]LogTemp: Display: Module 'AndroidTargetPlatform' loaded TargetPlatform 'Android_ETC1Client'
[2019.12.13-14.32.36:140][  0]LogTemp: Display: Module 'AndroidTargetPlatform' loaded TargetPlatform 'Android_ETC1aClient'
[2019.12.13-14.32.36:140][  0]LogTemp: Display: Module 'AndroidTargetPlatform' loaded TargetPlatform 'Android_ETC2Client'
[2019.12.13-14.32.36:140][  0]LogTemp: Display: Module 'AndroidTargetPlatform' loaded TargetPlatform 'Android_PVRTCClient'
[2019.12.13-14.32.36:140][  0]LogTemp: Display: Module 'AndroidTargetPlatform' loaded TargetPlatform 'Android_Multi'
[2019.12.13-14.32.36:140][  0]LogTemp: Display: Module 'AndroidTargetPlatform' loaded TargetPlatform 'Android_MultiClient'
[2019.12.13-14.32.36:142][  0]LogTemp: Display: Module 'HTML5TargetPlatform' loaded TargetPlatform 'HTML5'
[2019.12.13-14.32.36:160][  0]LogTemp: Display: Module 'IOSTargetPlatform' loaded TargetPlatform 'IOSClient'
[2019.12.13-14.32.36:160][  0]LogTemp: Display: Module 'IOSTargetPlatform' loaded TargetPlatform 'IOS'
[2019.12.13-14.32.36:171][  0]LogTemp: Display: Module 'TVOSTargetPlatform' loaded TargetPlatform 'TVOSClient'
[2019.12.13-14.32.36:171][  0]LogTemp: Display: Module 'TVOSTargetPlatform' loaded TargetPlatform 'TVOS'
[2019.12.13-14.32.36:178][  0]LogTemp: Display: Module 'LinuxClientTargetPlatform' loaded TargetPlatform 'LinuxClient'
[2019.12.13-14.32.36:184][  0]LogTemp: Display: Module 'LinuxNoEditorTargetPlatform' loaded TargetPlatform 'LinuxNoEditor'
[2019.12.13-14.32.36:190][  0]LogTemp: Display: Module 'LinuxServerTargetPlatform' loaded TargetPlatform 'LinuxServer'
[2019.12.13-14.32.36:196][  0]LogTemp: Display: Module 'LinuxTargetPlatform' loaded TargetPlatform 'Linux'
[2019.12.13-14.32.36:220][  0]LogTemp: Display: Module 'LuminTargetPlatform' loaded TargetPlatform 'Lumin'
[2019.12.13-14.32.36:220][  0]LogTemp: Display: Module 'LuminTargetPlatform' loaded TargetPlatform 'LuminClient'
[2019.12.13-14.32.36:220][  0]LogTargetPlatformManager: Display: Building Assets For Windows
[2019.12.13-14.32.36:229][  0]LogAudioDebug: Display: Lib vorbis DLL was dynamically loaded.
[2019.12.13-14.32.36:275][  0]LogShaderCompilers: Guid format shader working directory is -19 characters bigger than the processId version (../../../../../../Users/Raphael/Documents/Unreal Projects/ScaryTag/Intermediate/Shaders/WorkingDirectory/22896/).
[2019.12.13-14.32.36:275][  0]LogShaderCompilers: Cleaned the shader compiler working directory 'C:/Users/Raphael/AppData/Local/Temp/UnrealShaderWorkingDir/FFF27D6C4A2BB53026154E85747C446A/'.
[2019.12.13-14.32.36:278][  0]LogXGEController: Cannot use XGE Controller as Incredibuild is not installed on this machine.
[2019.12.13-14.32.36:278][  0]LogShaderCompilers: Cannot use XGE Shader Compiler as Incredibuild is not installed on this machine.
[2019.12.13-14.32.36:278][  0]LogShaderCompilers: Display: Using Local Shader Compiler.
[2019.12.13-14.32.36:895][  0]LogDerivedDataCache: Display: Max Cache Size: 512 MB
[2019.12.13-14.32.36:943][  0]LogDerivedDataCache: Loaded boot cache 0.05s 73MB C:/Users/Raphael/AppData/Local/UnrealEngine/4.23/DerivedDataCache/Boot.ddc.
[2019.12.13-14.32.36:943][  0]LogDerivedDataCache: Display: Loaded Boot cache: C:/Users/Raphael/AppData/Local/UnrealEngine/4.23/DerivedDataCache/Boot.ddc
[2019.12.13-14.32.36:943][  0]LogDerivedDataCache: FDerivedDataBackendGraph:  Pak pak cache file ../../../../../../Users/Raphael/Documents/Unreal Projects/ScaryTag/DerivedDataCache/DDC.ddp not found, will not use a pak cache.
[2019.12.13-14.32.36:943][  0]LogDerivedDataCache: Unable to find inner node Pak for hierarchical cache Hierarchy.
[2019.12.13-14.32.36:943][  0]LogDerivedDataCache: FDerivedDataBackendGraph:  CompressedPak pak cache file ../../../../../../Users/Raphael/Documents/Unreal Projects/ScaryTag/DerivedDataCache/Compressed.ddp not found, will not use a pak cache.
[2019.12.13-14.32.36:943][  0]LogDerivedDataCache: Unable to find inner node CompressedPak for hierarchical cache Hierarchy.
[2019.12.13-14.32.36:955][  0]LogDerivedDataCache: Display: Pak cache opened for reading ../../../Engine/DerivedDataCache/Compressed.ddp.
[2019.12.13-14.32.36:956][  0]LogDerivedDataCache: FDerivedDataBackendGraph:  EnterprisePak pak cache file ../../../Enterprise/DerivedDataCache/Compressed.ddp not found, will not use a pak cache.
[2019.12.13-14.32.36:956][  0]LogDerivedDataCache: Unable to find inner node EnterprisePak for hierarchical cache Hierarchy.
[2019.12.13-14.32.36:957][  0]LogDerivedDataCache: Using Local data cache path C:/Users/Raphael/AppData/Local/UnrealEngine/Common/DerivedDataCache: Writable
[2019.12.13-14.32.36:957][  0]LogDerivedDataCache: Shared data cache path not found in *engine.ini, will not use an Shared cache.
[2019.12.13-14.32.36:957][  0]LogDerivedDataCache: Unable to find inner node Shared for hierarchical cache Hierarchy.
[2019.12.13-14.32.36:977][  0]LogMaterial: Verifying Global Shaders for PCD3D_SM5
[2019.12.13-14.32.36:980][  0]LogSlate: Using FreeType 2.6.0
[2019.12.13-14.32.36:980][  0]LogSlate: SlateFontServices - WITH_FREETYPE: 1, WITH_HARFBUZZ: 1
[2019.12.13-14.32.37:032][  0]LogAssetRegistry: FAssetRegistry took 0.0024 seconds to start up
[2019.12.13-14.32.37:278][  0]LogInit: Selected Device Profile: [Windows]
[2019.12.13-14.32.37:406][  0]LogMeshReduction: Using QuadricMeshReduction for automatic static mesh reduction
[2019.12.13-14.32.37:407][  0]LogMeshReduction: Using SimplygonMeshReduction for automatic skeletal mesh reduction
[2019.12.13-14.32.37:407][  0]LogMeshReduction: Using ProxyLODMeshReduction for automatic mesh merging
[2019.12.13-14.32.37:407][  0]LogMeshReduction: No distributed automatic mesh merging module available
[2019.12.13-14.32.37:407][  0]LogMeshMerging: No distributed automatic mesh merging module available
[2019.12.13-14.32.37:414][  0]LogNetVersion: ScaryTag 1.0.0, NetCL: 8386587, EngineNetVer: 11, GameNetVer: 0 (Checksum: 1429931664)
[2019.12.13-14.32.37:752][  0]LogPackageLocalizationCache: Processed 13 localized package path(s) for 1 prioritized culture(s) in 0.047339 seconds
[2019.12.13-14.32.37:757][  0]LogUObjectArray: 43444 objects as part of root set at end of initial load.
[2019.12.13-14.32.37:757][  0]LogUObjectAllocator: 7548648 out of 0 bytes used by permanent object pool.
[2019.12.13-14.32.37:757][  0]LogUObjectArray: CloseDisregardForGC: 0/0 objects in disregard for GC pool
[2019.12.13-14.32.38:477][  0]LogTcpMessaging: Initializing TcpMessaging bridge
[2019.12.13-14.32.38:480][  0]LogUdpMessaging: Initializing bridge on interface 0.0.0.0:0 to multicast group 230.0.0.1:6666.
[2019.12.13-14.32.38:528][  0]SourceControl: Source control is disabled
[2019.12.13-14.32.38:528][  0]SourceControl: Source control is disabled
[2019.12.13-14.32.38:529][  0]SourceControl: Source control is disabled
[2019.12.13-14.32.38:529][  0]SourceControl: Source control is disabled
[2019.12.13-14.32.38:591][  0]LogAndroidPermission: UAndroidPermissionCallbackProxy::GetInstance
[2019.12.13-14.32.38:721][  0]LogOcInput: OculusInput pre-init called
[2019.12.13-14.32.38:725][  0]LogWindows: Failed to load 'OVRPlugin.dll' (GetLastError=126)
[2019.12.13-14.32.38:725][  0]LogWindows: File 'OVRPlugin.dll' does not exist
[2019.12.13-14.32.38:738][  0]LogPython: Python Scripts search path: ../../../../../../Users/Raphael/Documents/Unreal Projects/ScaryTag/Content/Scripts
[2019.12.13-14.32.38:738][  0]LogPython: Python Scripts search path: ../../../Engine/Plugins/UnrealEnginePython
[2019.12.13-14.32.38:738][  0]LogPython: Python VM initialized: 3.6.2 (v3.6.2:5fd33b5, Jul  8 2017, 04:57:36) [MSC v.1900 64 bit (AMD64)]
[2019.12.13-14.32.38:835][  0]LogPython: ####################----------Python Integration for Megascans Initialized----------####################
[2019.12.13-14.32.38:835][  0]LogPython: 

[2019.12.13-14.32.38:835][  0]LogPython: C:\Program Files\Epic Games\UE_4.23\Engine\Plugins\UnrealEnginePython\
[2019.12.13-14.32.38:835][  0]LogPython: 

[2019.12.13-14.32.38:895][  0]LogPython: Megascans Integration - LiveLink Initialized...
[2019.12.13-14.32.38:896][  0]LogPython: 

[2019.12.13-14.32.38:896][  0]LogPython: ue_site Python module successfully imported
[2019.12.13-14.32.38:957][  0]LogEngine: Initializing Engine...
[2019.12.13-14.32.38:957][  0]LogHMD: Failed to initialize OpenVR with code 110
[2019.12.13-14.32.38:958][  0]LogStats: UGameplayTagsManager::InitializeManager -  0.000 s
[2019.12.13-14.32.39:152][  0]LogInit: Initializing FReadOnlyCVARCache
[2019.12.13-14.32.39:165][  0]LogAIModule: Creating AISystem for world Untitled
[2019.12.13-14.32.39:185][  0]LogInit: XAudio2 using 'Speakers (Realtek(R) Audio)' : 2 channels at 48 kHz using 32 bits per sample (channel mask 0x3)
[2019.12.13-14.32.39:233][  0]LogInit: FAudioDevice initialized.
[2019.12.13-14.32.39:233][  0]LogNetVersion: Set ProjectVersion to 1.0.0.0. Version Checksum will be recalculated on next use.
[2019.12.13-14.32.39:312][  0]LogDerivedDataCache: Saved boot cache 0.08s 73MB C:/Users/Raphael/AppData/Local/UnrealEngine/4.23/DerivedDataCache/Boot.ddc.
[2019.12.13-14.32.39:319][  0]LogInit: Texture streaming: Enabled
[2019.12.13-14.32.39:339][  0]LogEngineSessionManager: EngineSessionManager initialized
[2019.12.13-14.32.39:339][  0]LogEditorSessionSummary: Verbose: Initializing EditorSessionSummaryWriter for editor session tracking
[2019.12.13-14.32.39:340][  0]LogEditorSessionSummary: EditorSessionSummaryWriter initialized
[2019.12.13-14.32.39:400][  0]LogInit: Transaction tracking system initialized
[2019.12.13-14.32.39:426][  0]BlueprintLog: New page: Editor Load
[2019.12.13-14.32.39:493][  0]LocalizationService: Localization service is disabled
[2019.12.13-14.32.39:719][  0]LogFileCache: Scanning file cache for directory 'C:/Users/Raphael/Documents/Unreal Projects/ScaryTag/Content/' took 0.00s
[2019.12.13-14.32.39:720][  0]LogCook: Display: Max memory allowance for cook 16384mb min free memory 0mb
[2019.12.13-14.32.39:720][  0]LogCook: Display: Mobile HDR setting 1
[2019.12.13-14.32.39:879][  0]SourceControl: Source control is disabled
[2019.12.13-14.32.39:879][  0]Cmd: MAP LOAD FILE="../../../../../../Users/Raphael/Documents/Unreal Projects/ScaryTag/Content/ThirdPersonBP/Maps/ThirdPersonExampleMap.umap" TEMPLATE=0 SHOWPROGRESS=1 FEATURELEVEL=3
[2019.12.13-14.32.39:879][  0]LightingResults: New page: Lighting Build
[2019.12.13-14.32.39:882][  0]LogWorld: UWorld::CleanupWorld for Untitled, bSessionEnded=true, bCleanupResources=true
[2019.12.13-14.32.39:882][  0]MapCheck: New page: Map Check
[2019.12.13-14.32.39:882][  0]LightingResults: New page: Lighting Build
[2019.12.13-14.32.39:912][  0]LogUObjectHash: Compacting FUObjectHashTables data took   1.74ms
[2019.12.13-14.32.40:224][  0]LogAIModule: Creating AISystem for world ThirdPersonExampleMap
[2019.12.13-14.32.40:231][  0]LogEditorServer: Finished looking for orphan Actors (0.000 secs)
[2019.12.13-14.32.40:263][  0]LogUObjectHash: Compacting FUObjectHashTables data took   1.93ms
[2019.12.13-14.32.40:264][  0]Cmd: MAP CHECKDEP NOCLEARLOG
[2019.12.13-14.32.40:264][  0]MapCheck: Map check complete: 0 Error(s), 0 Warning(s), took 0.096ms to complete.
[2019.12.13-14.32.40:264][  0]LogFileHelpers: Loading map 'ThirdPersonExampleMap' took 0.385
[2019.12.13-14.32.40:369][  0]LogSlate: Updating window title bar state: overlay mode, drag disabled, window buttons hidden, title bar hidden
[2019.12.13-14.32.40:377][  0]LogSlate: Updating window title bar state: overlay mode, drag disabled, window buttons hidden, title bar hidden
[2019.12.13-14.32.40:386][  0]LogSlate: Updating window title bar state: overlay mode, drag disabled, window buttons hidden, title bar hidden
[2019.12.13-14.32.40:394][  0]LogSlate: Updating window title bar state: overlay mode, drag disabled, window buttons hidden, title bar hidden
[2019.12.13-14.32.40:403][  0]LogCollectionManager: Loaded 0 collections in 0.003158 seconds
[2019.12.13-14.32.40:408][  0]LogFileCache: Scanning file cache for directory 'C:/Users/Raphael/Documents/Unreal Projects/ScaryTag/Saved/Collections/' took 0.00s
[2019.12.13-14.32.40:408][  0]LogFileCache: Scanning file cache for directory 'C:/Users/Raphael/Documents/Unreal Projects/ScaryTag/Content/Developers/Raphael/Collections/' took 0.00s
[2019.12.13-14.32.40:408][  0]LogFileCache: Scanning file cache for directory 'C:/Users/Raphael/Documents/Unreal Projects/ScaryTag/Content/Collections/' took 0.00s
[2019.12.13-14.32.40:408][  0]LogCollectionManager: Rebuilt the GUID cache for 0 collections in 0.000002 seconds
[2019.12.13-14.32.40:416][  0]LogContentBrowser: Native class hierarchy populated in 0.0078 seconds. Added 2882 classes and 687 folders.
[2019.12.13-14.32.40:423][  0]LogContentBrowser: Native class hierarchy updated for 'WidgetCarousel' in 0.0002 seconds. Added 0 classes and 0 folders.
[2019.12.13-14.32.40:451][  0]LogContentBrowser: Native class hierarchy updated for 'AddContentDialog' in 0.0002 seconds. Added 0 classes and 0 folders.
[2019.12.13-14.32.40:456][  0]LogContentBrowser: Native class hierarchy updated for 'SceneOutliner' in 0.0002 seconds. Added 1 classes and 2 folders.
[2019.12.13-14.32.40:486][  0]LogSlate: Took 0.000118 seconds to synchronously load lazily loaded font '../../../Engine/Content/Slate/Fonts/Roboto-Regular.ttf' (155K)
[2019.12.13-14.32.40:488][  0]LogSlate: Took 0.000153 seconds to synchronously load lazily loaded font '../../../Engine/Content/Slate/Fonts/Roboto-Bold.ttf' (160K)
[2019.12.13-14.32.40:493][  0]LogSlate: Took 0.000301 seconds to synchronously load lazily loaded font '../../../Engine/Content/Editor/Slate/Fonts/FontAwesome.ttf' (139K)
[2019.12.13-14.32.40:550][  0]LogRenderer: Reallocating scene render targets to support 1208x568 Format 10 NumSamples 1 (Frame:1).
[2019.12.13-14.32.40:646][  0]LogContentBrowser: Native class hierarchy updated for 'HierarchicalLODOutliner' in 0.0003 seconds. Added 0 classes and 0 folders.
[2019.12.13-14.32.40:646][  0]LogLoad: (Engine Initialization) Total time: 6.38 seconds
[2019.12.13-14.32.40:646][  0]LogLoad: (Engine Initialization) Total Blueprint compile time: 0.00 seconds
[2019.12.13-14.32.40:699][  0]LogAssetRegistry: Asset discovery search completed in 3.6680 seconds
[2019.12.13-14.32.40:704][  0]LogCollectionManager: Rebuilt the object cache for 0 collections in 0.000005 seconds (found 0 objects)
[2019.12.13-14.32.40:704][  0]LogCollectionManager: Fixed up redirectors for 0 collections in 0.000088 seconds (updated 0 objects)
[2019.12.13-14.32.40:705][  0]LogContentStreaming: Texture pool size now 1000 MB
[2019.12.13-14.32.40:745][  0]LogSlate: Took 0.000148 seconds to synchronously load lazily loaded font '../../../Engine/Content/Slate/Fonts/Roboto-Light.ttf' (167K)
[2019.12.13-14.32.40:826][  4]LogPython: tcp server spawned on 127.0.0.1:13428
[2019.12.13-14.32.45:757][571]LogSlate: FSceneViewport::OnFocusLost() reason 0
[2019.12.13-14.32.49:365][  1]LogSlate: Took 0.000094 seconds to synchronously load lazily loaded font '../../../Engine/Content/Slate/Fonts/Roboto-Light.ttf' (167K)
[2019.12.13-14.32.50:023][  1]LogAIModule: Creating AISystem for world Level2
[2019.12.13-14.32.50:032][  1]LogAssetEditorManager: Opening Asset editor for World /Game/Game/Levels/Level2.Level2
[2019.12.13-14.32.50:073][  1]LogUObjectHash: Compacting FUObjectHashTables data took   2.61ms
[2019.12.13-14.32.50:073][  1]Cmd: MAP LOAD FILE="../../../../../../Users/Raphael/Documents/Unreal Projects/ScaryTag/Content/Game/Levels/Level2.umap" TEMPLATE=0 SHOWPROGRESS=1 FEATURELEVEL=3
[2019.12.13-14.32.50:073][  1]LightingResults: New page: Lighting Build
[2019.12.13-14.32.50:073][  1]LoadErrors: New page: Loading map: Level2.umap
[2019.12.13-14.32.50:075][  1]LogWorld: UWorld::CleanupWorld for ThirdPersonExampleMap, bSessionEnded=true, bCleanupResources=true
[2019.12.13-14.32.50:075][  1]MapCheck: New page: Map Check
[2019.12.13-14.32.50:075][  1]LightingResults: New page: Lighting Build
[2019.12.13-14.32.50:100][  1]LogUObjectHash: Compacting FUObjectHashTables data took   1.88ms
[2019.12.13-14.32.50:103][  1]LogEditorServer: Finished looking for orphan Actors (0.000 secs)
[2019.12.13-14.32.50:132][  1]LogUObjectHash: Compacting FUObjectHashTables data took   1.80ms
[2019.12.13-14.32.50:170][  1]Cmd: MAP CHECKDEP NOCLEARLOG
[2019.12.13-14.32.50:170][  1]MapCheck: Map check complete: 0 Error(s), 0 Warning(s), took 0.138ms to complete.
[2019.12.13-14.32.50:170][  1]LogFileHelpers: Loading map 'Level2' took 0.098
[2019.12.13-14.32.53:539][392]LogSlate: FSceneViewport::OnFocusLost() reason 0
[2019.12.13-14.32.55:611][620]LogAssetEditorManager: Opening Asset editor for Blueprint /Game/DiabloDungeonGenerator/System/BP_LevelGenerator.BP_LevelGenerator
[2019.12.13-14.32.55:822][620]LogContentBrowser: Native class hierarchy updated for 'BlueprintGraph' in 0.0005 seconds. Added 121 classes and 0 folders.
[2019.12.13-14.32.56:732][620]LogSlate: Took 0.000146 seconds to synchronously load lazily loaded font '../../../Engine/Content/Slate/Fonts/Roboto-BoldCondensed.ttf' (158K)
[2019.12.13-14.32.56:782][621]LogSlate: Took 0.000215 seconds to synchronously load lazily loaded font '../../../Engine/Content/Slate/Fonts/Roboto-Italic.ttf' (157K)
[2019.12.13-14.33.16:586][778]LogAssetEditorManager: Opening Asset editor for Blueprint /Game/DiabloDungeonGenerator/System/BP_Gizmo_Event.BP_Gizmo_Event
[2019.12.13-14.33.22:319][374]LogAssetEditorManager: Opening Asset editor for Blueprint /Game/DiabloDungeonGenerator/System/BP_Gizmo.BP_Gizmo
[2019.12.13-14.34.38:946][300]LogSlate: Took 0.000218 seconds to synchronously load lazily loaded font '../../../Engine/Content/Slate/Fonts/Roboto-BoldCondensedItalic.ttf' (160K)
[2019.12.13-14.36.21:488][172]BlueprintLog: New page: Compile BP_LevelGenerator
[2019.12.13-14.36.21:597][172]LogBlueprint: Error: [Compiler BP_LevelGenerator] In use pin  Capsule Half Height  no longer exists on node  Get Class Defaults . Please refresh node or break links to remove pin.
[2019.12.13-14.36.21:860][172]LogUObjectHash: Compacting FUObjectHashTables data took   3.80ms
[2019.12.13-14.36.52:661][501]LogSlate: FSceneViewport::OnFocusLost() reason 0
[2019.12.13-14.36.55:014][729]LogAssetEditorManager: Opening Asset editor for Blueprint /Game/DiabloDungeonGenerator/GizmoMisc/BP_NPC.BP_NPC
[2019.12.13-14.37.16:632][964]LogAssetEditorManager: Opening Asset editor for Blueprint /Game/Game/BluePrints/SimpleAI.SimpleAI
[2019.12.13-14.39.09:500][212]BlueprintLog: New page: Compile SimpleAI
[2019.12.13-14.39.09:633][212]LogBlueprint: Warning: [Compiler SimpleAI] Could not find a variable named "CapsuleHalfHeight" in 'SimpleAI_C'.
Make sure 'SimpleAI_C' has been compiled for  Get CapsuleHalfHeight
[2019.12.13-14.39.09:671][212]LogBlueprint: Error: [Compiler SimpleAI] The property associated with  Capsule Half Height  could not be found in '/Game/Game/BluePrints/SimpleAI.SimpleAI_C'
[2019.12.13-14.39.09:905][212]LogUObjectHash: Compacting FUObjectHashTables data took   3.77ms
[2019.12.13-14.39.19:337][211]BlueprintLog: New page: Compile SimpleAI
[2019.12.13-14.39.19:740][211]LogUObjectHash: Compacting FUObjectHashTables data took   3.84ms
[2019.12.13-14.39.55:039][ 81]LogWorld: UWorld::CleanupWorld for World_7, bSessionEnded=true, bCleanupResources=true
[2019.12.13-14.40.20:663][633]BlueprintLog: New page: Compile BP_LevelGenerator
[2019.12.13-14.40.21:060][633]LogUObjectHash: Compacting FUObjectHashTables data took   3.84ms
[2019.12.13-14.40.23:761][899]BlueprintLog: New page: Compile BP_LevelGenerator
[2019.12.13-14.40.24:158][899]LogUObjectHash: Compacting FUObjectHashTables data took   3.72ms
[2019.12.13-14.40.28:682][403]LogTemp: Repeating last play command: Selected Viewport
[2019.12.13-14.40.28:706][403]LogBlueprintUserMessages: Early PlayInEditor Detection: Level '/Game/Game/Levels/Level2.Level2:PersistentLevel' has LevelScriptBlueprint '/Game/Game/Levels/Level2.Level2:PersistentLevel.Level2' with GeneratedClass '/Game/Game/Levels/Level2.Level2_C' with ClassGeneratedBy '/Game/Game/Levels/Level2.Level2:PersistentLevel.Level2'
[2019.12.13-14.40.28:706][403]BlueprintLog: New page: Pre-Play auto-recompile
[2019.12.13-14.40.28:707][403]LogPlayLevel: [PlayLevel] Compiling BP_NPC before play...
[2019.12.13-14.40.28:918][403]LogUObjectHash: Compacting FUObjectHashTables data took   3.52ms
[2019.12.13-14.40.28:918][403]LogPlayLevel: PlayLevel: Blueprint regeneration took 212 ms (1 blueprints)
[2019.12.13-14.40.28:919][403]PIE: New page: PIE session: Level2 (Dec 13, 2019, 4:40:28 AM)
[2019.12.13-14.40.28:919][403]LogOnline: OSS: Creating online subsystem instance for: NULL
[2019.12.13-14.40.28:920][403]LogPlayLevel: Creating play world package: /Game/Game/Levels/UEDPIE_0_Level2
[2019.12.13-14.40.28:922][403]LogPlayLevel: PIE: StaticDuplicateObject took: (0.001432s)
[2019.12.13-14.40.28:922][403]LogAIModule: Creating AISystem for world Level2
[2019.12.13-14.40.28:923][403]LogPlayLevel: PIE: World Init took: (0.000858s)
[2019.12.13-14.40.28:923][403]LogPlayLevel: PIE: Created PIE world by copying editor world from /Game/Game/Levels/Level2.Level2 to /Game/Game/Levels/UEDPIE_0_Level2.Level2 (0.002469s)
[2019.12.13-14.40.28:955][403]LogUObjectHash: Compacting FUObjectHashTables data took   2.35ms
[2019.12.13-14.40.28:968][403]LogInit: XAudio2 using 'Speakers (Realtek(R) Audio)' : 2 channels at 48 kHz using 32 bits per sample (channel mask 0x3)
[2019.12.13-14.40.29:012][403]LogInit: FAudioDevice initialized.
[2019.12.13-14.40.29:021][403]LogLoad: Game class is 'ThirdPersonGameMode_C'
[2019.12.13-14.40.29:023][403]LogWorld: Bringing World /Game/Game/Levels/UEDPIE_0_Level2.Level2 up for play (max tick rate 0) at 2019.12.13-09.40.29
[2019.12.13-14.40.29:023][403]LogWorld: Bringing up level for play took: 0.000435
[2019.12.13-14.40.29:023][403]LogOnline: OSS: Creating online subsystem instance for: :Context_20
[2019.12.13-14.40.29:031][403]LogContentBrowser: Native class hierarchy updated for 'MovieSceneCapture' in 0.0003 seconds. Added 20 classes and 0 folders.
[2019.12.13-14.40.29:146][403]PIE: Play in editor start time for /Game/Game/Levels/UEDPIE_0_Level2 1.001
[2019.12.13-14.40.29:146][403]LogBlueprintUserMessages: Late PlayInEditor Detection: Level '/Game/Game/Levels/Level2.Level2:PersistentLevel' has LevelScriptBlueprint '/Game/Game/Levels/Level2.Level2:PersistentLevel.Level2' with GeneratedClass '/Game/Game/Levels/Level2.Level2_C' with ClassGeneratedBy '/Game/Game/Levels/Level2.Level2:PersistentLevel.Level2'
[2019.12.13-14.40.29:433][404]LogCharacterMovement: Warning: GetSimulationTimeStep() - Max iterations 8 hit while remaining time 0.095716 > MaxSimulationTimeStep (0.050) for 'ThirdPersonCharacter_C_0', movement 'Walking'
[2019.12.13-14.40.55:476][528]LogBlueprintUserMessages: [ThirdPersonCharacter_C_0] onb
[2019.12.13-14.40.55:476][528]LogBlueprintUserMessages: [ThirdPersonCharacter_C_0] offb
[2019.12.13-14.40.55:968][587]LogBlueprintUserMessages: [ThirdPersonCharacter_C_0] 49
[2019.12.13-14.40.56:468][647]LogBlueprintUserMessages: [ThirdPersonCharacter_C_0] 48
[2019.12.13-14.40.56:968][707]LogBlueprintUserMessages: [ThirdPersonCharacter_C_0] 47
[2019.12.13-14.40.57:469][767]LogBlueprintUserMessages: [ThirdPersonCharacter_C_0] 46
[2019.12.13-14.40.57:760][802]LogBlueprintUserMessages: [ThirdPersonCharacter_C_0] onb
[2019.12.13-14.40.57:760][802]LogBlueprintUserMessages: [ThirdPersonCharacter_C_0] offb
[2019.12.13-14.40.57:968][827]LogBlueprintUserMessages: [ThirdPersonCharacter_C_0] 45
[2019.12.13-14.41.04:846][652]LogBlueprintUserMessages: Early EndPlayMap Detection: Level '/Game/Game/Levels/Level2.Level2:PersistentLevel' has LevelScriptBlueprint '/Game/Game/Levels/Level2.Level2:PersistentLevel.Level2' with GeneratedClass '/Game/Game/Levels/Level2.Level2_C' with ClassGeneratedBy '/Game/Game/Levels/Level2.Level2:PersistentLevel.Level2'
[2019.12.13-14.41.04:846][652]LogSlate: Updating window title bar state: overlay mode, drag disabled, window buttons hidden, title bar hidden
[2019.12.13-14.41.04:846][652]LogWorld: BeginTearingDown for /Game/Game/Levels/UEDPIE_0_Level2
[2019.12.13-14.41.04:846][652]LogWorld: UWorld::CleanupWorld for Level2, bSessionEnded=true, bCleanupResources=true
[2019.12.13-14.41.04:864][652]LogPlayLevel: Display: Shutting down PIE online subsystems
[2019.12.13-14.41.04:864][652]LogBlueprintUserMessages: Late EndPlayMap Detection: Level '/Game/Game/Levels/Level2.Level2:PersistentLevel' has LevelScriptBlueprint '/Game/Game/Levels/Level2.Level2:PersistentLevel.Level2' with GeneratedClass '/Game/Game/Levels/Level2.Level2_C' with ClassGeneratedBy '/Game/Game/Levels/Level2.Level2:PersistentLevel.Level2'
[2019.12.13-14.41.04:914][652]LogSlate: Updating window title bar state: overlay mode, drag disabled, window buttons hidden, title bar hidden
[2019.12.13-14.41.04:935][652]LogUObjectHash: Compacting FUObjectHashTables data took   4.66ms
[2019.12.13-14.41.04:949][653]LogPlayLevel: Display: Destroying online subsystem :Context_20
[2019.12.13-14.41.07:461][931]LogSlate: FSceneViewport::OnFocusLost() reason 0
[2019.12.13-14.43.36:165][540]BlueprintLog: New page: Compile BP_LevelGenerator
[2019.12.13-14.43.36:592][540]LogUObjectHash: Compacting FUObjectHashTables data took   4.15ms
[2019.12.13-14.43.40:299][915]BlueprintLog: New page: Compile BP_LevelGenerator
[2019.12.13-14.43.40:715][915]LogUObjectHash: Compacting FUObjectHashTables data took   4.47ms
[2019.12.13-14.43.42:126][ 62]LogTemp: Repeating last play command: Selected Viewport
[2019.12.13-14.43.42:156][ 62]LogBlueprintUserMessages: Early PlayInEditor Detection: Level '/Game/Game/Levels/Level2.Level2:PersistentLevel' has LevelScriptBlueprint '/Game/Game/Levels/Level2.Level2:PersistentLevel.Level2' with GeneratedClass '/Game/Game/Levels/Level2.Level2_C' with ClassGeneratedBy '/Game/Game/Levels/Level2.Level2:PersistentLevel.Level2'
[2019.12.13-14.43.42:156][ 62]LogPlayLevel: PlayLevel: No blueprints needed recompiling
[2019.12.13-14.43.42:156][ 62]PIE: New page: PIE session: Level2 (Dec 13, 2019, 4:43:42 AM)
[2019.12.13-14.43.42:156][ 62]LogPlayLevel: Creating play world package: /Game/Game/Levels/UEDPIE_0_Level2
[2019.12.13-14.43.42:157][ 62]LogPlayLevel: PIE: StaticDuplicateObject took: (0.001506s)
[2019.12.13-14.43.42:158][ 62]LogAIModule: Creating AISystem for world Level2
[2019.12.13-14.43.42:158][ 62]LogPlayLevel: PIE: World Init took: (0.000824s)
[2019.12.13-14.43.42:158][ 62]LogPlayLevel: PIE: Created PIE world by copying editor world from /Game/Game/Levels/Level2.Level2 to /Game/Game/Levels/UEDPIE_0_Level2.Level2 (0.002423s)
[2019.12.13-14.43.42:206][ 62]LogUObjectHash: Compacting FUObjectHashTables data took   4.12ms
[2019.12.13-14.43.42:220][ 62]LogInit: XAudio2 using 'Speakers (Realtek(R) Audio)' : 2 channels at 48 kHz using 32 bits per sample (channel mask 0x3)
[2019.12.13-14.43.42:264][ 62]LogInit: FAudioDevice initialized.
[2019.12.13-14.43.42:272][ 62]LogLoad: Game class is 'ThirdPersonGameMode_C'
[2019.12.13-14.43.42:273][ 62]LogWorld: Bringing World /Game/Game/Levels/UEDPIE_0_Level2.Level2 up for play (max tick rate 0) at 2019.12.13-09.43.42
[2019.12.13-14.43.42:273][ 62]LogWorld: Bringing up level for play took: 0.000430
[2019.12.13-14.43.42:273][ 62]LogOnline: OSS: Creating online subsystem instance for: :Context_21
[2019.12.13-14.43.42:413][ 62]PIE: Play in editor start time for /Game/Game/Levels/UEDPIE_0_Level2 0.27
[2019.12.13-14.43.42:414][ 62]LogBlueprintUserMessages: Late PlayInEditor Detection: Level '/Game/Game/Levels/Level2.Level2:PersistentLevel' has LevelScriptBlueprint '/Game/Game/Levels/Level2.Level2:PersistentLevel.Level2' with GeneratedClass '/Game/Game/Levels/Level2.Level2_C' with ClassGeneratedBy '/Game/Game/Levels/Level2.Level2:PersistentLevel.Level2'
[2019.12.13-14.43.52:949][323]LogBlueprintUserMessages: [ThirdPersonCharacter_C_0] onb
[2019.12.13-14.43.52:949][323]LogBlueprintUserMessages: [ThirdPersonCharacter_C_0] offb
[2019.12.13-14.43.53:432][381]LogBlueprintUserMessages: [ThirdPersonCharacter_C_0] onb
[2019.12.13-14.43.53:432][381]LogBlueprintUserMessages: [ThirdPersonCharacter_C_0] offb
[2019.12.13-14.43.53:441][382]LogBlueprintUserMessages: [ThirdPersonCharacter_C_0] 24
[2019.12.13-14.44.06:925][  0]LogBlueprintUserMessages: [ThirdPersonCharacter_C_0] onb
[2019.12.13-14.44.06:925][  0]LogBlueprintUserMessages: [ThirdPersonCharacter_C_0] offb
[2019.12.13-14.44.07:267][ 37]LogBlueprintUserMessages: [ThirdPersonCharacter_C_0] onb
[2019.12.13-14.44.07:267][ 37]LogBlueprintUserMessages: [ThirdPersonCharacter_C_0] offb
[2019.12.13-14.44.07:417][ 55]LogBlueprintUserMessages: [ThirdPersonCharacter_C_0] 23
[2019.12.13-14.44.07:725][ 92]LogBlueprintUserMessages: [ThirdPersonCharacter_C_0] onb
[2019.12.13-14.44.07:725][ 92]LogBlueprintUserMessages: [ThirdPersonCharacter_C_0] offb
[2019.12.13-14.44.08:217][151]LogBlueprintUserMessages: [ThirdPersonCharacter_C_0] 22
[2019.12.13-14.44.08:717][211]LogBlueprintUserMessages: [ThirdPersonCharacter_C_0] 21
[2019.12.13-14.44.09:217][271]LogBlueprintUserMessages: [ThirdPersonCharacter_C_0] 20
[2019.12.13-14.44.09:717][331]LogBlueprintUserMessages: [ThirdPersonCharacter_C_0] 19
[2019.12.13-14.44.10:217][391]LogBlueprintUserMessages: [ThirdPersonCharacter_C_0] 18
[2019.12.13-14.44.10:675][446]LogBlueprintUserMessages: [ThirdPersonCharacter_C_0] onb
[2019.12.13-14.44.10:675][446]LogBlueprintUserMessages: [ThirdPersonCharacter_C_0] offb
[2019.12.13-14.44.10:716][451]LogBlueprintUserMessages: [ThirdPersonCharacter_C_0] 17
[2019.12.13-14.44.11:817][583]LogBlueprintUserMessages: Early EndPlayMap Detection: Level '/Game/Game/Levels/Level2.Level2:PersistentLevel' has LevelScriptBlueprint '/Game/Game/Levels/Level2.Level2:PersistentLevel.Level2' with GeneratedClass '/Game/Game/Levels/Level2.Level2_C' with ClassGeneratedBy '/Game/Game/Levels/Level2.Level2:PersistentLevel.Level2'
[2019.12.13-14.44.11:818][583]LogSlate: Updating window title bar state: overlay mode, drag disabled, window buttons hidden, title bar hidden
[2019.12.13-14.44.11:818][583]LogWorld: BeginTearingDown for /Game/Game/Levels/UEDPIE_0_Level2
[2019.12.13-14.44.11:818][583]LogWorld: UWorld::CleanupWorld for Level2, bSessionEnded=true, bCleanupResources=true
[2019.12.13-14.44.11:843][583]LogPlayLevel: Display: Shutting down PIE online subsystems
[2019.12.13-14.44.11:843][583]LogBlueprintUserMessages: Late EndPlayMap Detection: Level '/Game/Game/Levels/Level2.Level2:PersistentLevel' has LevelScriptBlueprint '/Game/Game/Levels/Level2.Level2:PersistentLevel.Level2' with GeneratedClass '/Game/Game/Levels/Level2.Level2_C' with ClassGeneratedBy '/Game/Game/Levels/Level2.Level2:PersistentLevel.Level2'
[2019.12.13-14.44.11:890][583]LogSlate: Updating window title bar state: overlay mode, drag disabled, window buttons hidden, title bar hidden
[2019.12.13-14.44.11:896][583]LogUObjectHash: Compacting FUObjectHashTables data took   3.03ms
[2019.12.13-14.44.11:921][585]LogPlayLevel: Display: Destroying online subsystem :Context_21
[2019.12.13-14.44.17:293][227]LogSlate: FSceneViewport::OnFocusLost() reason 0
[2019.12.13-14.44.19:184][438]LogSlate: FSceneViewport::OnFocusLost() reason 0
[2019.12.13-14.44.19:269][448]LogEditorViewport: Clicking on Actor (LMB): PlayerStart (PlayerStart)
[2019.12.13-14.44.20:124][545]Cmd: CAMERA ALIGN ACTIVEVIEWPORTONLY
[2019.12.13-14.44.22:431][809]LogEditorViewport: Clicking on Actor (LMB): PostProcessVolume (PostProcessVolume)
[2019.12.13-14.44.24:213][ 15]LogSlate: FSceneViewport::OnFocusLost() reason 0
[2019.12.13-14.44.29:328][615]LogEditorViewport: Clicking Background
[2019.12.13-14.44.29:879][680]LogEditorViewport: Clicking on Actor (LMB): PostProcessVolume (PostProcessVolume)
[2019.12.13-14.44.35:921][377]LogSlate: FSceneViewport::OnFocusLost() reason 0
[2019.12.13-14.44.42:179][ 99]LogEditorViewport: Clicking Background
[2019.12.13-14.44.43:433][247]LogSlate: FSceneViewport::OnFocusLost() reason 0
[2019.12.13-14.44.43:516][257]LogTemp: Repeating last play command: Selected Viewport
[2019.12.13-14.44.43:543][257]LogBlueprintUserMessages: Early PlayInEditor Detection: Level '/Game/Game/Levels/Level2.Level2:PersistentLevel' has LevelScriptBlueprint '/Game/Game/Levels/Level2.Level2:PersistentLevel.Level2' with GeneratedClass '/Game/Game/Levels/Level2.Level2_C' with ClassGeneratedBy '/Game/Game/Levels/Level2.Level2:PersistentLevel.Level2'
[2019.12.13-14.44.43:543][257]LogPlayLevel: PlayLevel: No blueprints needed recompiling
[2019.12.13-14.44.43:543][257]PIE: New page: PIE session: Level2 (Dec 13, 2019, 4:44:43 AM)
[2019.12.13-14.44.43:543][257]LogPlayLevel: Creating play world package: /Game/Game/Levels/UEDPIE_0_Level2
[2019.12.13-14.44.43:545][257]LogPlayLevel: PIE: StaticDuplicateObject took: (0.001557s)
[2019.12.13-14.44.43:546][257]LogAIModule: Creating AISystem for world Level2
[2019.12.13-14.44.43:546][257]LogPlayLevel: PIE: World Init took: (0.000788s)
[2019.12.13-14.44.43:546][257]LogPlayLevel: PIE: Created PIE world by copying editor world from /Game/Game/Levels/Level2.Level2 to /Game/Game/Levels/UEDPIE_0_Level2.Level2 (0.002438s)
[2019.12.13-14.44.43:584][257]LogUObjectHash: Compacting FUObjectHashTables data took   2.75ms
[2019.12.13-14.44.43:597][257]LogInit: XAudio2 using 'Speakers (Realtek(R) Audio)' : 2 channels at 48 kHz using 32 bits per sample (channel mask 0x3)
[2019.12.13-14.44.43:639][257]LogInit: FAudioDevice initialized.
[2019.12.13-14.44.43:647][257]LogLoad: Game class is 'ThirdPersonGameMode_C'
[2019.12.13-14.44.43:648][257]LogWorld: Bringing World /Game/Game/Levels/UEDPIE_0_Level2.Level2 up for play (max tick rate 0) at 2019.12.13-09.44.43
[2019.12.13-14.44.43:648][257]LogWorld: Bringing up level for play took: 0.000389
[2019.12.13-14.44.43:648][257]LogOnline: OSS: Creating online subsystem instance for: :Context_22
[2019.12.13-14.44.43:771][257]PIE: Play in editor start time for /Game/Game/Levels/UEDPIE_0_Level2 -0.372
[2019.12.13-14.44.43:771][257]LogBlueprintUserMessages: Late PlayInEditor Detection: Level '/Game/Game/Levels/Level2.Level2:PersistentLevel' has LevelScriptBlueprint '/Game/Game/Levels/Level2.Level2:PersistentLevel.Level2' with GeneratedClass '/Game/Game/Levels/Level2.Level2_C' with ClassGeneratedBy '/Game/Game/Levels/Level2.Level2:PersistentLevel.Level2'
[2019.12.13-14.45.12:390][685]LogBlueprintUserMessages: Early EndPlayMap Detection: Level '/Game/Game/Levels/Level2.Level2:PersistentLevel' has LevelScriptBlueprint '/Game/Game/Levels/Level2.Level2:PersistentLevel.Level2' with GeneratedClass '/Game/Game/Levels/Level2.Level2_C' with ClassGeneratedBy '/Game/Game/Levels/Level2.Level2:PersistentLevel.Level2'
[2019.12.13-14.45.12:391][685]LogSlate: Updating window title bar state: overlay mode, drag disabled, window buttons hidden, title bar hidden
[2019.12.13-14.45.12:391][685]LogWorld: BeginTearingDown for /Game/Game/Levels/UEDPIE_0_Level2
[2019.12.13-14.45.12:391][685]LogWorld: UWorld::CleanupWorld for Level2, bSessionEnded=true, bCleanupResources=true
[2019.12.13-14.45.12:414][685]LogPlayLevel: Display: Shutting down PIE online subsystems
[2019.12.13-14.45.12:414][685]LogBlueprintUserMessages: Late EndPlayMap Detection: Level '/Game/Game/Levels/Level2.Level2:PersistentLevel' has LevelScriptBlueprint '/Game/Game/Levels/Level2.Level2:PersistentLevel.Level2' with GeneratedClass '/Game/Game/Levels/Level2.Level2_C' with ClassGeneratedBy '/Game/Game/Levels/Level2.Level2:PersistentLevel.Level2'
[2019.12.13-14.45.12:459][685]LogSlate: Updating window title bar state: overlay mode, drag disabled, window buttons hidden, title bar hidden
[2019.12.13-14.45.12:465][685]LogUObjectHash: Compacting FUObjectHashTables data took   2.71ms
[2019.12.13-14.45.12:497][688]LogPlayLevel: Display: Destroying online subsystem :Context_22
[2019.12.13-14.45.15:841][ 81]LogSlate: FSceneViewport::OnFocusLost() reason 0
[2019.12.13-14.45.18:594][387]LogAssetEditorManager: Opening Asset editor for Blueprint /Game/DiabloDungeonGenerator/System/BP_Gizmo.BP_Gizmo
[2019.12.13-14.46.15:825][738]LogRenderer: Reallocating scene render targets to support 1208x712 Format 10 NumSamples 1 (Frame:1).
[2019.12.13-14.47.37:109][354]LogAssetEditorManager: Opening Asset editor for Blueprint /Game/Game/BluePrints/ItemSpawn.ItemSpawn
[2019.12.13-14.48.49:270][835]LogUObjectHash: Compacting FUObjectHashTables data took   2.97ms
[2019.12.13-14.48.49:478][835]LogSavePackage: Moving '../../../../../../Users/Raphael/Documents/Unreal Projects/ScaryTag/Saved/Level2_Auto1D96C0E3744C2D40BC6BEEB8389E92ECB.tmp' to '../../../../../../Users/Raphael/Documents/Unreal Projects/ScaryTag/Saved/Autosaves/Game/Game/Levels/Level2_Auto1.umap'
[2019.12.13-14.48.49:481][835]LogFileHelpers: Editor autosave (incl. sublevels) for '/Game/Game/Levels/Level2' took 0.254
[2019.12.13-14.48.49:481][835]LogFileHelpers: Editor autosave (incl. sublevels) for all levels took 0.254
[2019.12.13-14.48.49:482][835]OBJ SavePackage: Generating thumbnails for [1] asset(s) in package [/Game/Game/BluePrints/SimpleAI] ([1] browsable assets)...
[2019.12.13-14.48.49:500][835]OBJ SavePackage:     Rendered thumbnail for [Blueprint /Game/Game/BluePrints/SimpleAI.SimpleAI]
[2019.12.13-14.48.49:500][835]OBJ SavePackage: Finished generating thumbnails for package [/Game/Game/BluePrints/SimpleAI]
[2019.12.13-14.48.49:543][835]LogSavePackage: Moving '../../../../../../Users/Raphael/Documents/Unreal Projects/ScaryTag/Saved/SimpleAI_Auto10B3C50284130912EB6BFEEA91DEA65C5.tmp' to '../../../../../../Users/Raphael/Documents/Unreal Projects/ScaryTag/Saved/Autosaves/Game/Game/BluePrints/SimpleAI_Auto1.uasset'
[2019.12.13-14.48.49:545][835]OBJ SavePackage: Generating thumbnails for [0] asset(s) in package [/Game/DiabloDungeonGenerator/System/BP_LevelGenerator] ([1] browsable assets)...
[2019.12.13-14.48.49:545][835]OBJ SavePackage: Finished generating thumbnails for package [/Game/DiabloDungeonGenerator/System/BP_LevelGenerator]
[2019.12.13-14.48.50:181][835]LogSavePackage: Moving '../../../../../../Users/Raphael/Documents/Unreal Projects/ScaryTag/Saved/BP_LevelGenerator_Auto18886EEF0481E119C89B73CB818E82FBC.tmp' to '../../../../../../Users/Raphael/Documents/Unreal Projects/ScaryTag/Saved/Autosaves/Game/DiabloDungeonGenerator/System/BP_LevelGenerator_Auto1.uasset'
[2019.12.13-14.48.50:183][835]OBJ SavePackage: Generating thumbnails for [1] asset(s) in package [/Game/DiabloDungeonGenerator/GizmoMisc/BP_NPC] ([1] browsable assets)...
[2019.12.13-14.48.50:199][835]OBJ SavePackage:     Rendered thumbnail for [Blueprint /Game/DiabloDungeonGenerator/GizmoMisc/BP_NPC.BP_NPC]
[2019.12.13-14.48.50:199][835]OBJ SavePackage: Finished generating thumbnails for package [/Game/DiabloDungeonGenerator/GizmoMisc/BP_NPC]
[2019.12.13-14.48.50:232][835]LogSavePackage: Moving '../../../../../../Users/Raphael/Documents/Unreal Projects/ScaryTag/Saved/BP_NPC_Auto1B9770CE04D6D8FB748D9E39CC6D32E6C.tmp' to '../../../../../../Users/Raphael/Documents/Unreal Projects/ScaryTag/Saved/Autosaves/Game/DiabloDungeonGenerator/GizmoMisc/BP_NPC_Auto1.uasset'
[2019.12.13-14.48.50:232][835]LogFileHelpers: Auto-saving content packages took 0.750
[2019.12.13-14.50.50:969][126]LogSlate: Prevented a slow task dialog from being summoned while a context menu was open
[2019.12.13-14.52.06:941][141]LogEditorTransaction: Undo Delete current selection
[2019.12.13-14.53.01:777][816]BlueprintLog: New page: Compile BP_LevelGenerator
[2019.12.13-14.53.01:888][816]LogBlueprint: Error: [Compiler BP_LevelGenerator] COMPILER ERROR: failed building connection with 'BP Gizmo Object Reference is not compatible with Simple AI Object Reference.' at  Get (a copy) generated from expanding For Each Loop
[2019.12.13-14.53.02:201][816]LogUObjectHash: Compacting FUObjectHashTables data took   4.94ms
[2019.12.13-14.53.04:653][ 85]BlueprintLog: New page: Compile BP_LevelGenerator
[2019.12.13-14.53.04:757][ 85]LogBlueprint: Error: [Compiler BP_LevelGenerator] COMPILER ERROR: failed building connection with 'BP Gizmo Object Reference is not compatible with Simple AI Object Reference.' at  Get (a copy) generated from expanding For Each Loop
[2019.12.13-14.53.05:054][ 85]LogUObjectHash: Compacting FUObjectHashTables data took   4.65ms
[2019.12.13-14.54.15:592][434]LogWorld: UWorld::CleanupWorld for World_6, bSessionEnded=true, bCleanupResources=true
[2019.12.13-14.54.21:087][  6]BlueprintLog: New page: Compile BP_LevelGenerator
[2019.12.13-14.54.21:196][  6]LogBlueprint: Error: [Compiler BP_LevelGenerator] COMPILER ERROR: failed building connection with 'BP Gizmo Object Reference is not compatible with Simple AI Object Reference.' at  Get (a copy) generated from expanding For Each Loop
[2019.12.13-14.54.21:499][  6]LogUObjectHash: Compacting FUObjectHashTables data took   5.02ms
[2019.12.13-14.54.50:471][ 81]BlueprintLog: New page: Compile BP_LevelGenerator
[2019.12.13-14.54.50:581][ 81]LogBlueprint: Error: [Compiler BP_LevelGenerator] COMPILER ERROR: failed building connection with 'BP Gizmo Object Reference is not compatible with Simple AI Object Reference.' at  Get (a copy) generated from expanding For Each Loop
[2019.12.13-14.54.50:882][ 81]LogUObjectHash: Compacting FUObjectHashTables data took   4.89ms
[2019.12.13-14.54.51:458][133]LogTemp: Repeating last play command: Selected Viewport
[2019.12.13-14.54.51:487][133]LogBlueprintUserMessages: Early PlayInEditor Detection: Level '/Game/Game/Levels/Level2.Level2:PersistentLevel' has LevelScriptBlueprint '/Game/Game/Levels/Level2.Level2:PersistentLevel.Level2' with GeneratedClass '/Game/Game/Levels/Level2.Level2_C' with ClassGeneratedBy '/Game/Game/Levels/Level2.Level2:PersistentLevel.Level2'
[2019.12.13-14.54.51:487][133]LogPlayLevel: PlayLevel: No blueprints needed recompiling
[2019.12.13-14.54.51:487][133]BlueprintLog: Warning: Blueprint failed to compile:  BP_LevelGenerator
[2019.12.13-14.54.51:487][133]LogCustomDialog: Dialog displayed:
[2019.12.13-14.54.54:041][133]LogSlate: Window 'Blueprint Compilation Errors' being destroyed
[2019.12.13-14.54.55:599][280]LogSlate: Window 'Message Log' being destroyed
[2019.12.13-14.54.55:606][280]LogSlate: Window 'Message Log' being destroyed
[2019.12.13-14.54.58:266][552]LogSlate: Window 'ItemSpawn' being destroyed
[2019.12.13-14.54.58:270][552]LogSlate: Window 'ItemSpawn' being destroyed
[2019.12.13-14.54.58:293][552]LogActorComponent: UnregisterComponent: (/Engine/Transient.EditorFloorComp) Not registered. Aborting.
[2019.12.13-14.54.58:293][552]LogWorld: UWorld::CleanupWorld for World_5, bSessionEnded=true, bCleanupResources=true
[2019.12.13-14.54.58:341][552]LogActorComponent: UnregisterComponent: (/Engine/Transient.EditorFloorComp) Not registered. Aborting.
[2019.12.13-14.54.58:341][552]LogWorld: UWorld::CleanupWorld for World_17, bSessionEnded=true, bCleanupResources=true
[2019.12.13-14.54.58:403][552]LogActorComponent: UnregisterComponent: (/Engine/Transient.EditorFloorComp) Not registered. Aborting.
[2019.12.13-14.54.58:403][552]LogWorld: UWorld::CleanupWorld for World_18, bSessionEnded=true, bCleanupResources=true
[2019.12.13-14.54.58:461][552]LogActorComponent: UnregisterComponent: (/Engine/Transient.EditorFloorComp) Not registered. Aborting.
[2019.12.13-14.54.58:461][552]LogWorld: UWorld::CleanupWorld for World_19, bSessionEnded=true, bCleanupResources=true
[2019.12.13-14.54.58:513][552]LogActorComponent: UnregisterComponent: (/Engine/Transient.EditorFloorComp) Not registered. Aborting.
[2019.12.13-14.54.58:513][552]LogWorld: UWorld::CleanupWorld for World_20, bSessionEnded=true, bCleanupResources=true
[2019.12.13-14.55.02:618][ 35]LogSlate: FSceneViewport::OnFocusLost() reason 0
[2019.12.13-14.55.02:701][ 45]LogTemp: Repeating last play command: Selected Viewport
[2019.12.13-14.55.02:717][ 45]LogBlueprintUserMessages: Early PlayInEditor Detection: Level '/Game/Game/Levels/Level2.Level2:PersistentLevel' has LevelScriptBlueprint '/Game/Game/Levels/Level2.Level2:PersistentLevel.Level2' with GeneratedClass '/Game/Game/Levels/Level2.Level2_C' with ClassGeneratedBy '/Game/Game/Levels/Level2.Level2:PersistentLevel.Level2'
[2019.12.13-14.55.02:717][ 45]LogPlayLevel: PlayLevel: No blueprints needed recompiling
[2019.12.13-14.55.02:717][ 45]BlueprintLog: Warning: Blueprint failed to compile:  BP_LevelGenerator
[2019.12.13-14.55.02:718][ 45]LogCustomDialog: Dialog displayed:
[2019.12.13-14.55.04:865][ 45]LogSlate: Window 'Blueprint Compilation Errors' being destroyed
[2019.12.13-14.55.04:871][ 45]PIE: New page: PIE session: Level2 (Dec 13, 2019, 4:55:04 AM)
[2019.12.13-14.55.04:872][ 45]LogPlayLevel: Creating play world package: /Game/Game/Levels/UEDPIE_0_Level2
[2019.12.13-14.55.04:878][ 45]LogPlayLevel: PIE: StaticDuplicateObject took: (0.005884s)
[2019.12.13-14.55.04:878][ 45]LogAIModule: Creating AISystem for world Level2
[2019.12.13-14.55.04:879][ 45]LogPlayLevel: PIE: World Init took: (0.000935s)
[2019.12.13-14.55.04:879][ 45]LogPlayLevel: PIE: Created PIE world by copying editor world from /Game/Game/Levels/Level2.Level2 to /Game/Game/Levels/UEDPIE_0_Level2.Level2 (0.006955s)
[2019.12.13-14.55.04:944][ 45]LogUObjectHash: Compacting FUObjectHashTables data took   4.06ms
[2019.12.13-14.55.04:956][ 45]LogInit: XAudio2 using 'Speakers (Realtek(R) Audio)' : 2 channels at 48 kHz using 32 bits per sample (channel mask 0x3)
[2019.12.13-14.55.04:998][ 45]LogInit: FAudioDevice initialized.
[2019.12.13-14.55.05:003][ 45]LogLoad: Game class is 'ThirdPersonGameMode_C'
[2019.12.13-14.55.05:004][ 45]LogWorld: Bringing World /Game/Game/Levels/UEDPIE_0_Level2.Level2 up for play (max tick rate 0) at 2019.12.13-09.55.05
[2019.12.13-14.55.05:004][ 45]LogWorld: Bringing up level for play took: 0.000395
[2019.12.13-14.55.05:004][ 45]LogOnline: OSS: Creating online subsystem instance for: :Context_25
[2019.12.13-14.55.05:008][ 45]PIE: Play in editor start time for /Game/Game/Levels/UEDPIE_0_Level2 2.866
[2019.12.13-14.55.05:008][ 45]LogBlueprintUserMessages: Late PlayInEditor Detection: Level '/Game/Game/Levels/Level2.Level2:PersistentLevel' has LevelScriptBlueprint '/Game/Game/Levels/Level2.Level2:PersistentLevel.Level2' with GeneratedClass '/Game/Game/Levels/Level2.Level2_C' with ClassGeneratedBy '/Game/Game/Levels/Level2.Level2:PersistentLevel.Level2'
[2019.12.13-14.55.06:681][240]LogBlueprintUserMessages: Early EndPlayMap Detection: Level '/Game/Game/Levels/Level2.Level2:PersistentLevel' has LevelScriptBlueprint '/Game/Game/Levels/Level2.Level2:PersistentLevel.Level2' with GeneratedClass '/Game/Game/Levels/Level2.Level2_C' with ClassGeneratedBy '/Game/Game/Levels/Level2.Level2:PersistentLevel.Level2'
[2019.12.13-14.55.06:681][240]LogSlate: Updating window title bar state: overlay mode, drag disabled, window buttons hidden, title bar hidden
[2019.12.13-14.55.06:682][240]LogWorld: BeginTearingDown for /Game/Game/Levels/UEDPIE_0_Level2
[2019.12.13-14.55.06:682][240]LogWorld: UWorld::CleanupWorld for Level2, bSessionEnded=true, bCleanupResources=true
[2019.12.13-14.55.06:692][240]LogPlayLevel: Display: Shutting down PIE online subsystems
[2019.12.13-14.55.06:692][240]LogBlueprintUserMessages: Late EndPlayMap Detection: Level '/Game/Game/Levels/Level2.Level2:PersistentLevel' has LevelScriptBlueprint '/Game/Game/Levels/Level2.Level2:PersistentLevel.Level2' with GeneratedClass '/Game/Game/Levels/Level2.Level2_C' with ClassGeneratedBy '/Game/Game/Levels/Level2.Level2:PersistentLevel.Level2'
[2019.12.13-14.55.06:728][240]LogSlate: Updating window title bar state: overlay mode, drag disabled, window buttons hidden, title bar hidden
[2019.12.13-14.55.06:745][240]LogUObjectHash: Compacting FUObjectHashTables data took   3.16ms
[2019.12.13-14.55.06:785][244]LogPlayLevel: Display: Destroying online subsystem :Context_25
[2019.12.13-14.55.29:508][943]LogSlate: FSceneViewport::OnFocusLost() reason 0
[2019.12.13-14.55.32:436][262]LogAssetEditorManager: Opening Asset editor for Blueprint /Game/DiabloDungeonGenerator/GizmoMisc/BP_NPC.BP_NPC
[2019.12.13-14.55.42:529][150]LogSlate: FSceneViewport::OnFocusLost() reason 0
[2019.12.13-14.55.47:759][653]LogSlate: FSceneViewport::OnFocusLost() reason 0
[2019.12.13-14.56.14:020][350]LogUObjectHash: Compacting FUObjectHashTables data took   2.95ms
[2019.12.13-14.56.32:430][350]LogSlate: Window 'Delete Assets' being destroyed
