Log file open, 12/14/19 05:54:00
LogWindows: Failed to load 'aqProf.dll' (GetLastError=126)
LogWindows: File 'aqProf.dll' does not exist
LogWindows: Failed to load 'VtuneApi.dll' (GetLastError=126)
LogWindows: File 'VtuneApi.dll' does not exist
LogWindows: Failed to load 'VtuneApi32e.dll' (GetLastError=126)
LogWindows: File 'VtuneApi32e.dll' does not exist
LogConsoleResponse: Display: Failed to find resolution value strings in scalability ini. Falling back to default.
LogInit: Display: Running engine for game: ScaryTag
LogPlatformFile: Not using cached read wrapper
LogTaskGraph: Started task graph with 5 named threads and 35 total threads with 3 sets of task threads.
LogStats: Stats thread started at 0.079854
LogD3D11RHI: Loaded GFSDK_Aftermath_Lib.x64.dll
LogICUInternationalization: ICU TimeZone Detection - Raw Offset: -5:00, Platform Override: ''
LogPluginManager: Mounting plugin Paper2D
LogPluginManager: Mounting plugin AISupport
LogPluginManager: Mounting plugin LightPropagationVolume
LogPluginManager: Mounting plugin ActorLayerUtilities
LogPluginManager: Mounting plugin AnimationSharing
LogPluginManager: Mounting plugin CLionSourceCodeAccess
LogPluginManager: Mounting plugin CodeLiteSourceCodeAccess
LogPluginManager: Mounting plugin GitSourceControl
LogPluginManager: Mounting plugin KDevelopSourceCodeAccess
LogPluginManager: Mounting plugin NullSourceCodeAccess
LogPluginManager: Mounting plugin PerforceSourceControl
LogPluginManager: Mounting plugin SubversionSourceControl
LogPluginManager: Mounting plugin UObjectPlugin
LogPluginManager: Mounting plugin VisualStudioCodeSourceCodeAccess
LogPluginManager: Mounting plugin VisualStudioSourceCodeAccess
LogPluginManager: Mounting plugin XCodeSourceCodeAccess
LogPluginManager: Mounting plugin AssetManagerEditor
LogPluginManager: Mounting plugin CryptoKeys
LogPluginManager: Mounting plugin CurveEditorTools
LogPluginManager: Mounting plugin DataValidation
LogPluginManager: Mounting plugin FacialAnimation
LogPluginManager: Mounting plugin GameplayTagsEditor
LogPluginManager: Mounting plugin MacGraphicsSwitching
LogPluginManager: Mounting plugin MaterialAnalyzer
LogPluginManager: Mounting plugin MobileLauncherProfileWizard
LogPluginManager: Mounting plugin PluginBrowser
LogPluginManager: Mounting plugin SpeedTreeImporter
LogPluginManager: Mounting plugin DatasmithContent
LogPluginManager: Mounting plugin VariantManagerContent
LogPluginManager: Mounting plugin AlembicImporter
LogPluginManager: Mounting plugin AutomationUtils
LogPluginManager: Mounting plugin BackChannel
LogPluginManager: Mounting plugin CharacterAI
LogPluginManager: Mounting plugin GeometryCache
LogPluginManager: Mounting plugin HTML5Networking
LogPluginManager: Mounting plugin PlatformCrypto
LogPluginManager: Mounting plugin ProxyLODPlugin
LogPluginManager: Mounting plugin SkeletalReduction
LogPluginManager: Mounting plugin MagicLeap
LogPluginManager: Mounting plugin MagicLeapMedia
LogPluginManager: Mounting plugin AndroidMedia
LogPluginManager: Mounting plugin AvfMedia
LogPluginManager: Mounting plugin ImgMedia
LogPluginManager: Mounting plugin MediaCompositing
LogPluginManager: Mounting plugin MediaPlayerEditor
LogPluginManager: Mounting plugin WebMMedia
LogPluginManager: Mounting plugin WmfMedia
LogPluginManager: Mounting plugin TcpMessaging
LogPluginManager: Mounting plugin UdpMessaging
LogPluginManager: Mounting plugin ActorSequence
LogPluginManager: Mounting plugin LevelSequenceEditor
LogPluginManager: Mounting plugin MatineeToLevelSequence
LogPluginManager: Mounting plugin NetcodeUnitTest
LogPluginManager: Mounting plugin NUTUnrealEngine4
LogPluginManager: Mounting plugin OnlineSubsystemGooglePlay
LogPluginManager: Mounting plugin OnlineSubsystemIOS
LogPluginManager: Mounting plugin OnlineSubsystem
LogPluginManager: Mounting plugin OnlineSubsystemNull
LogPluginManager: Mounting plugin OnlineSubsystemUtils
LogPluginManager: Mounting plugin LauncherChunkInstaller
LogPluginManager: Mounting plugin AndroidDeviceProfileSelector
LogPluginManager: Mounting plugin AndroidMoviePlayer
LogPluginManager: Mounting plugin AndroidPermission
LogPluginManager: Mounting plugin AppleImageUtils
LogPluginManager: Mounting plugin AppleMoviePlayer
LogPluginManager: Mounting plugin ArchVisCharacter
LogPluginManager: Mounting plugin AudioCapture
LogPluginManager: Mounting plugin CableComponent
LogPluginManager: Mounting plugin CustomMeshComponent
LogPluginManager: Mounting plugin EditableMesh
LogPluginManager: Mounting plugin ExampleDeviceProfileSelector
LogPluginManager: Mounting plugin GoogleCloudMessaging
LogPluginManager: Mounting plugin IOSDeviceProfileSelector
LogPluginManager: Mounting plugin LinuxDeviceProfileSelector
LogPluginManager: Mounting plugin LocationServicesBPLibrary
LogPluginManager: Mounting plugin MobilePatchingUtils
LogPluginManager: Mounting plugin OculusVR
LogPluginManager: Mounting plugin PhysXVehicles
LogPluginManager: Mounting plugin ProceduralMeshComponent
LogPluginManager: Mounting plugin RuntimePhysXCooking
LogPluginManager: Mounting plugin SignificanceManager
LogPluginManager: Mounting plugin SteamVR
LogPluginManager: Mounting plugin WebMMoviePlayer
LogPluginManager: Mounting plugin WindowsMoviePlayer
LogPluginManager: Mounting plugin ScreenshotTools
LogPluginManager: Mounting plugin UnrealEnginePython
LogInit: Using libcurl 7.55.1-DEV
LogInit:  - built for x86_64-pc-win32
LogInit:  - supports SSL with OpenSSL/1.1.1
LogInit:  - supports HTTP deflate (compression) using libz 1.2.8
LogInit:  - other features:
LogInit:      CURL_VERSION_SSL
LogInit:      CURL_VERSION_LIBZ
LogInit:      CURL_VERSION_IPV6
LogInit:      CURL_VERSION_ASYNCHDNS
LogInit:      CURL_VERSION_LARGEFILE
LogInit:      CURL_VERSION_IDN
LogInit:  CurlRequestOptions (configurable via config and command line):
LogInit:  - bVerifyPeer = true  - Libcurl will verify peer certificate
LogInit:  - bUseHttpProxy = false  - Libcurl will NOT use HTTP proxy
LogInit:  - bDontReuseConnections = false  - Libcurl will reuse connections
LogInit:  - MaxHostConnections = 16  - Libcurl will limit the number of connections to a host
LogInit:  - LocalHostAddr = Default
LogInit:  - BufferSize = 65536
LogOnline: OSS: Creating online subsystem instance for: NULL
LogInit: WinSock: version 1.1 (2.2), MaxSocks=32767, MaxUdp=65467
LogInit: Build: ++UE4+Release-4.23-CL-9631420
LogInit: Engine Version: 4.23.1-9631420+++UE4+Release-4.23
LogInit: Compatible Engine Version: 4.23.0-8386587+++UE4+Release-4.23
LogInit: Net CL: 8386587
LogInit: OS: Windows 10 (Release 1809) (), CPU: Intel(R) Core(TM) i7-9750H CPU @ 2.60GHz, GPU: Intel(R) UHD Graphics 630
LogInit: Compiled (64-bit): Oct 18 2019 02:07:44
LogInit: Compiled with Visual C++: 19.16.27030.01
LogInit: Build Configuration: Development
LogInit: Branch Name: ++UE4+Release-4.23
LogInit: Command Line: 
LogInit: Base Directory: C:/Program Files/Epic Games/UE_4.23/Engine/Binaries/Win64/
LogInit: Installed Engine Build: 1
LogDevObjectVersion: Number of dev versions registered: 23
LogDevObjectVersion:   Dev-Blueprints (B0D832E4-1F89-4F0D-ACCF-7EB736FD4AA2): 10
LogDevObjectVersion:   Dev-Build (E1C64328-A22C-4D53-A36C-8E866417BD8C): 0
LogDevObjectVersion:   Dev-Core (375EC13C-06E4-48FB-B500-84F0262A717E): 3
LogDevObjectVersion:   Dev-Editor (E4B068ED-F494-42E9-A231-DA0B2E46BB41): 34
LogDevObjectVersion:   Dev-Framework (CFFC743F-43B0-4480-9391-14DF171D2073): 35
LogDevObjectVersion:   Dev-Mobile (B02B49B5-BB20-44E9-A304-32B752E40360): 2
LogDevObjectVersion:   Dev-Networking (A4E4105C-59A1-49B5-A7C5-40C4547EDFEE): 0
LogDevObjectVersion:   Dev-Online (39C831C9-5AE6-47DC-9A44-9C173E1C8E7C): 0
LogDevObjectVersion:   Dev-Physics (78F01B33-EBEA-4F98-B9B4-84EACCB95AA2): 0
LogDevObjectVersion:   Dev-Platform (6631380F-2D4D-43E0-8009-CF276956A95A): 0
LogDevObjectVersion:   Dev-Rendering (12F88B9F-8875-4AFC-A67C-D90C383ABD29): 31
LogDevObjectVersion:   Dev-Sequencer (7B5AE74C-D270-4C10-A958-57980B212A5A): 11
LogDevObjectVersion:   Dev-VR (D7296918-1DD6-4BDD-9DE2-64A83CC13884): 2
LogDevObjectVersion:   Dev-LoadTimes (C2A15278-BFE7-4AFE-6C17-90FF531DF755): 1
LogDevObjectVersion:   Private-Geometry (6EACA3D4-40EC-4CC1-B786-8BED09428FC5): 3
LogDevObjectVersion:   Dev-AnimPhys (29E575DD-E0A3-4627-9D10-D276232CDCEA): 17
LogDevObjectVersion:   Dev-Anim (AF43A65D-7FD3-4947-9873-3E8ED9C1BB05): 2
LogDevObjectVersion:   Dev-ReflectionCapture (6B266CEC-1EC7-4B8F-A30B-E4D90942FC07): 1
LogDevObjectVersion:   Dev-Automation (0DF73D61-A23F-47EA-B727-89E90C41499A): 1
LogDevObjectVersion:   FortniteMain (601D1886-AC64-4F84-AA16-D3DE0DEAC7D6): 27
LogDevObjectVersion:   Dev-Enterprise (9DFFBCD6-494F-0158-E221-12823C92A888): 6
LogDevObjectVersion:   Dev-Niagara (F2AED0AC-9AFE-416F-8664-AA7FFA26D6FC): 1
LogDevObjectVersion:   Dev-Destruction (174F1F0B-B4C6-45A5-B13F-2EE8D0FB917D): 9
LogInit: Presizing for max 16777216 objects, including 0 objects not considered by GC, pre-allocating 0 bytes for permanent pool.
LogInit: Object subsystem initialized
LogConfig: Setting CVar [[con.DebugEarlyDefault:1]]
LogConfig: Setting CVar [[r.setres:1280x720]]
[2019.12.14-10.54.00:732][  0]LogConfig: Setting CVar [[r.VSync:0]]
[2019.12.14-10.54.00:732][  0]LogConfig: Setting CVar [[r.RHICmdBypass:0]]
[2019.12.14-10.54.00:732][  0]LogConfig: Applying CVar settings from Section [/Script/Engine.RendererSettings] File [C:/Users/Raphael/Documents/Unreal Projects/ScaryTag/Saved/Config/Windows/Engine.ini]
[2019.12.14-10.54.00:732][  0]LogConfig: Setting CVar [[r.GPUCrashDebugging:0]]
[2019.12.14-10.54.00:732][  0]LogConfig: Applying CVar settings from Section [/Script/Engine.RendererOverrideSettings] File [C:/Users/Raphael/Documents/Unreal Projects/ScaryTag/Saved/Config/Windows/Engine.ini]
[2019.12.14-10.54.00:732][  0]LogConfig: Applying CVar settings from Section [/Script/Engine.StreamingSettings] File [C:/Users/Raphael/Documents/Unreal Projects/ScaryTag/Saved/Config/Windows/Engine.ini]
[2019.12.14-10.54.00:732][  0]LogConfig: Setting CVar [[s.MinBulkDataSizeForAsyncLoading:131072]]
[2019.12.14-10.54.00:732][  0]LogConfig: Setting CVar [[s.AsyncLoadingThreadEnabled:0]]
[2019.12.14-10.54.00:732][  0]LogConfig: Setting CVar [[s.EventDrivenLoaderEnabled:1]]
[2019.12.14-10.54.00:732][  0]LogConfig: Setting CVar [[s.WarnIfTimeLimitExceeded:0]]
[2019.12.14-10.54.00:732][  0]LogConfig: Setting CVar [[s.TimeLimitExceededMultiplier:1.5]]
[2019.12.14-10.54.00:732][  0]LogConfig: Setting CVar [[s.TimeLimitExceededMinTime:0.005]]
[2019.12.14-10.54.00:732][  0]LogConfig: Setting CVar [[s.UseBackgroundLevelStreaming:1]]
[2019.12.14-10.54.00:732][  0]LogConfig: Setting CVar [[s.PriorityAsyncLoadingExtraTime:15.0]]
[2019.12.14-10.54.00:732][  0]LogConfig: Setting CVar [[s.LevelStreamingActorsUpdateTimeLimit:5.0]]
[2019.12.14-10.54.00:732][  0]LogConfig: Setting CVar [[s.PriorityLevelStreamingActorsUpdateExtraTime:5.0]]
[2019.12.14-10.54.00:732][  0]LogConfig: Setting CVar [[s.LevelStreamingComponentsRegistrationGranularity:10]]
[2019.12.14-10.54.00:732][  0]LogConfig: Setting CVar [[s.UnregisterComponentsTimeLimit:1.0]]
[2019.12.14-10.54.00:732][  0]LogConfig: Setting CVar [[s.LevelStreamingComponentsUnregistrationGranularity:5]]
[2019.12.14-10.54.00:732][  0]LogConfig: Applying CVar settings from Section [/Script/Engine.GarbageCollectionSettings] File [C:/Users/Raphael/Documents/Unreal Projects/ScaryTag/Saved/Config/Windows/Engine.ini]
[2019.12.14-10.54.00:732][  0]LogConfig: Setting CVar [[gc.MaxObjectsNotConsideredByGC:1]]
[2019.12.14-10.54.00:732][  0]LogConfig: Setting CVar [[gc.SizeOfPermanentObjectPool:0]]
[2019.12.14-10.54.00:732][  0]LogConfig: Setting CVar [[gc.FlushStreamingOnGC:0]]
[2019.12.14-10.54.00:732][  0]LogConfig: Setting CVar [[gc.NumRetriesBeforeForcingGC:10]]
[2019.12.14-10.54.00:732][  0]LogConfig: Setting CVar [[gc.AllowParallelGC:1]]
[2019.12.14-10.54.00:732][  0]LogConfig: Setting CVar [[gc.TimeBetweenPurgingPendingKillObjects:61.1]]
[2019.12.14-10.54.00:732][  0]LogConfig: Setting CVar [[gc.MaxObjectsInEditor:16777216]]
[2019.12.14-10.54.00:732][  0]LogConfig: Setting CVar [[gc.IncrementalBeginDestroyEnabled:1]]
[2019.12.14-10.54.00:732][  0]LogConfig: Setting CVar [[gc.CreateGCClusters:1]]
[2019.12.14-10.54.00:732][  0]LogConfig: Setting CVar [[gc.MinGCClusterSize:5]]
[2019.12.14-10.54.00:732][  0]LogConfig: Setting CVar [[gc.ActorClusteringEnabled:0]]
[2019.12.14-10.54.00:732][  0]LogConfig: Setting CVar [[gc.BlueprintClusteringEnabled:0]]
[2019.12.14-10.54.00:732][  0]LogConfig: Setting CVar [[gc.UseDisregardForGCOnDedicatedServers:0]]
[2019.12.14-10.54.00:732][  0]LogConfig: Applying CVar settings from Section [/Script/Engine.NetworkSettings] File [C:/Users/Raphael/Documents/Unreal Projects/ScaryTag/Saved/Config/Windows/Engine.ini]
[2019.12.14-10.54.00:732][  0]LogConfig: Applying CVar settings from Section [/Script/UnrealEd.CookerSettings] File [C:/Users/Raphael/Documents/Unreal Projects/ScaryTag/Saved/Config/Windows/Engine.ini]
[2019.12.14-10.54.00:734][  0]LogConfig: Applying CVar settings from Section [ViewDistanceQuality@3] File [C:/Users/Raphael/Documents/Unreal Projects/ScaryTag/Saved/Config/Windows/Scalability.ini]
[2019.12.14-10.54.00:735][  0]LogConfig: Setting CVar [[r.SkeletalMeshLODBias:0]]
[2019.12.14-10.54.00:735][  0]LogConfig: Setting CVar [[r.ViewDistanceScale:1.0]]
[2019.12.14-10.54.00:735][  0]LogConfig: Applying CVar settings from Section [AntiAliasingQuality@3] File [C:/Users/Raphael/Documents/Unreal Projects/ScaryTag/Saved/Config/Windows/Scalability.ini]
[2019.12.14-10.54.00:735][  0]LogConfig: Setting CVar [[r.PostProcessAAQuality:4]]
[2019.12.14-10.54.00:735][  0]LogConfig: Applying CVar settings from Section [ShadowQuality@3] File [C:/Users/Raphael/Documents/Unreal Projects/ScaryTag/Saved/Config/Windows/Scalability.ini]
[2019.12.14-10.54.00:735][  0]LogConfig: Setting CVar [[r.LightFunctionQuality:1]]
[2019.12.14-10.54.00:735][  0]LogConfig: Setting CVar [[r.ShadowQuality:5]]
[2019.12.14-10.54.00:735][  0]LogConfig: Setting CVar [[r.Shadow.CSM.MaxCascades:10]]
[2019.12.14-10.54.00:735][  0]LogConfig: Setting CVar [[r.Shadow.MaxResolution:2048]]
[2019.12.14-10.54.00:735][  0]LogConfig: Setting CVar [[r.Shadow.MaxCSMResolution:2048]]
[2019.12.14-10.54.00:735][  0]LogConfig: Setting CVar [[r.Shadow.RadiusThreshold:0.01]]
[2019.12.14-10.54.00:735][  0]LogConfig: Setting CVar [[r.Shadow.DistanceScale:1.0]]
[2019.12.14-10.54.00:735][  0]LogConfig: Setting CVar [[r.Shadow.CSM.TransitionScale:1.0]]
[2019.12.14-10.54.00:735][  0]LogConfig: Setting CVar [[r.Shadow.PreShadowResolutionFactor:1.0]]
[2019.12.14-10.54.00:735][  0]LogConfig: Setting CVar [[r.DistanceFieldShadowing:1]]
[2019.12.14-10.54.00:735][  0]LogConfig: Setting CVar [[r.DistanceFieldAO:1]]
[2019.12.14-10.54.00:735][  0]LogConfig: Setting CVar [[r.AOQuality:2]]
[2019.12.14-10.54.00:735][  0]LogConfig: Setting CVar [[r.VolumetricFog:1]]
[2019.12.14-10.54.00:735][  0]LogConfig: Setting CVar [[r.VolumetricFog.GridPixelSize:8]]
[2019.12.14-10.54.00:735][  0]LogConfig: Setting CVar [[r.VolumetricFog.GridSizeZ:128]]
[2019.12.14-10.54.00:735][  0]LogConfig: Setting CVar [[r.VolumetricFog.HistoryMissSupersampleCount:4]]
[2019.12.14-10.54.00:735][  0]LogConfig: Setting CVar [[r.LightMaxDrawDistanceScale:1]]
[2019.12.14-10.54.00:735][  0]LogConfig: Setting CVar [[r.CapsuleShadows:1]]
[2019.12.14-10.54.00:735][  0]LogConfig: Applying CVar settings from Section [PostProcessQuality@3] File [C:/Users/Raphael/Documents/Unreal Projects/ScaryTag/Saved/Config/Windows/Scalability.ini]
[2019.12.14-10.54.00:735][  0]LogConfig: Setting CVar [[r.MotionBlurQuality:4]]
[2019.12.14-10.54.00:735][  0]LogConfig: Setting CVar [[r.AmbientOcclusionMipLevelFactor:0.4]]
[2019.12.14-10.54.00:735][  0]LogConfig: Setting CVar [[r.AmbientOcclusionMaxQuality:100]]
[2019.12.14-10.54.00:735][  0]LogConfig: Setting CVar [[r.AmbientOcclusionLevels:-1]]
[2019.12.14-10.54.00:735][  0]LogConfig: Setting CVar [[r.AmbientOcclusionRadiusScale:1.0]]
[2019.12.14-10.54.00:735][  0]LogConfig: Setting CVar [[r.DepthOfFieldQuality:2]]
[2019.12.14-10.54.00:735][  0]LogConfig: Setting CVar [[r.RenderTargetPoolMin:400]]
[2019.12.14-10.54.00:735][  0]LogConfig: Setting CVar [[r.LensFlareQuality:2]]
[2019.12.14-10.54.00:735][  0]LogConfig: Setting CVar [[r.SceneColorFringeQuality:1]]
[2019.12.14-10.54.00:735][  0]LogConfig: Setting CVar [[r.EyeAdaptationQuality:2]]
[2019.12.14-10.54.00:735][  0]LogConfig: Setting CVar [[r.BloomQuality:5]]
[2019.12.14-10.54.00:735][  0]LogConfig: Setting CVar [[r.FastBlurThreshold:100]]
[2019.12.14-10.54.00:735][  0]LogConfig: Setting CVar [[r.Upscale.Quality:3]]
[2019.12.14-10.54.00:735][  0]LogConfig: Setting CVar [[r.Tonemapper.GrainQuantization:1]]
[2019.12.14-10.54.00:735][  0]LogConfig: Setting CVar [[r.LightShaftQuality:1]]
[2019.12.14-10.54.00:735][  0]LogConfig: Setting CVar [[r.Filter.SizeScale:1]]
[2019.12.14-10.54.00:735][  0]LogConfig: Setting CVar [[r.Tonemapper.Quality:5]]
[2019.12.14-10.54.00:735][  0]LogConfig: Setting CVar [[r.DOF.Gather.AccumulatorQuality:1        ; higher gathering accumulator quality]]
[2019.12.14-10.54.00:735][  0]LogConfig: Setting CVar [[r.DOF.Gather.PostfilterMethod:1          ; Median3x3 postfilering method]]
[2019.12.14-10.54.00:735][  0]LogConfig: Setting CVar [[r.DOF.Gather.EnableBokehSettings:0       ; no bokeh simulation when gathering]]
[2019.12.14-10.54.00:735][  0]LogConfig: Setting CVar [[r.DOF.Gather.RingCount:4                 ; medium number of samples when gathering]]
[2019.12.14-10.54.00:735][  0]LogConfig: Setting CVar [[r.DOF.Scatter.ForegroundCompositing:1    ; additive foreground scattering]]
[2019.12.14-10.54.00:735][  0]LogConfig: Setting CVar [[r.DOF.Scatter.BackgroundCompositing:2    ; additive background scattering]]
[2019.12.14-10.54.00:735][  0]LogConfig: Setting CVar [[r.DOF.Scatter.EnableBokehSettings:1      ; bokeh simulation when scattering]]
[2019.12.14-10.54.00:735][  0]LogConfig: Setting CVar [[r.DOF.Scatter.MaxSpriteRatio:0.1         ; only a maximum of 10% of scattered bokeh]]
[2019.12.14-10.54.00:735][  0]LogConfig: Setting CVar [[r.DOF.Recombine.Quality:1                ; cheap slight out of focus]]
[2019.12.14-10.54.00:735][  0]LogConfig: Setting CVar [[r.DOF.Recombine.EnableBokehSettings:0    ; no bokeh simulation on slight out of focus]]
[2019.12.14-10.54.00:735][  0]LogConfig: Setting CVar [[r.DOF.TemporalAAQuality:1                ; more stable temporal accumulation]]
[2019.12.14-10.54.00:735][  0]LogConfig: Setting CVar [[r.DOF.Kernel.MaxForegroundRadius:0.025]]
[2019.12.14-10.54.00:735][  0]LogConfig: Setting CVar [[r.DOF.Kernel.MaxBackgroundRadius:0.025]]
[2019.12.14-10.54.00:735][  0]LogConfig: Applying CVar settings from Section [TextureQuality@3] File [C:/Users/Raphael/Documents/Unreal Projects/ScaryTag/Saved/Config/Windows/Scalability.ini]
[2019.12.14-10.54.00:735][  0]LogConfig: Setting CVar [[r.Streaming.MipBias:0]]
[2019.12.14-10.54.00:735][  0]LogConfig: Setting CVar [[r.Streaming.AmortizeCPUToGPUCopy:0]]
[2019.12.14-10.54.00:735][  0]LogConfig: Setting CVar [[r.Streaming.MaxNumTexturesToStreamPerFrame:0]]
[2019.12.14-10.54.00:735][  0]LogConfig: Setting CVar [[r.Streaming.Boost:1]]
[2019.12.14-10.54.00:735][  0]LogConfig: Setting CVar [[r.MaxAnisotropy:8]]
[2019.12.14-10.54.00:735][  0]LogConfig: Setting CVar [[r.Streaming.LimitPoolSizeToVRAM:0]]
[2019.12.14-10.54.00:735][  0]LogConfig: Setting CVar [[r.Streaming.PoolSize:1000]]
[2019.12.14-10.54.00:735][  0]LogConfig: Setting CVar [[r.Streaming.MaxEffectiveScreenSize:0]]
[2019.12.14-10.54.00:735][  0]LogConfig: Applying CVar settings from Section [EffectsQuality@3] File [C:/Users/Raphael/Documents/Unreal Projects/ScaryTag/Saved/Config/Windows/Scalability.ini]
[2019.12.14-10.54.00:735][  0]LogConfig: Setting CVar [[r.TranslucencyLightingVolumeDim:64]]
[2019.12.14-10.54.00:735][  0]LogConfig: Setting CVar [[r.RefractionQuality:2]]
[2019.12.14-10.54.00:735][  0]LogConfig: Setting CVar [[r.SSR.Quality:3]]
[2019.12.14-10.54.00:735][  0]LogConfig: Setting CVar [[r.SceneColorFormat:4]]
[2019.12.14-10.54.00:735][  0]LogConfig: Setting CVar [[r.DetailMode:2]]
[2019.12.14-10.54.00:735][  0]LogConfig: Setting CVar [[r.TranslucencyVolumeBlur:1]]
[2019.12.14-10.54.00:735][  0]LogConfig: Setting CVar [[r.MaterialQualityLevel:1 ; High quality]]
[2019.12.14-10.54.00:735][  0]LogConfig: Setting CVar [[r.SSS.Scale:1]]
[2019.12.14-10.54.00:735][  0]LogConfig: Setting CVar [[r.SSS.SampleSet:2]]
[2019.12.14-10.54.00:735][  0]LogConfig: Setting CVar [[r.SSS.Quality:1]]
[2019.12.14-10.54.00:735][  0]LogConfig: Setting CVar [[r.SSS.HalfRes:1]]
[2019.12.14-10.54.00:735][  0]LogConfig: Setting CVar [[r.EmitterSpawnRateScale:1.0]]
[2019.12.14-10.54.00:735][  0]LogConfig: Setting CVar [[r.ParticleLightQuality:2]]
[2019.12.14-10.54.00:736][  0]LogConfig: Applying CVar settings from Section [FoliageQuality@3] File [C:/Users/Raphael/Documents/Unreal Projects/ScaryTag/Saved/Config/Windows/Scalability.ini]
[2019.12.14-10.54.00:736][  0]LogConfig: Setting CVar [[foliage.DensityScale:1.0]]
[2019.12.14-10.54.00:736][  0]LogConfig: Setting CVar [[grass.DensityScale:1.0]]
[2019.12.14-10.54.00:736][  0]LogInit: Selected Device Profile: [Windows]
[2019.12.14-10.54.00:736][  0]LogInit: Applying CVar settings loaded from the selected device profile: [Windows]
[2019.12.14-10.54.00:739][  0]LogHAL: Display: Platform has ~ 32 GB [34194128896 / 34359738368 / 32], which maps to Largest [LargestMinGB=32, LargerMinGB=12, DefaultMinGB=8, SmallerMinGB=6, SmallestMinGB=0)
[2019.12.14-10.54.00:739][  0]LogInit: Going up to parent DeviceProfile []
[2019.12.14-10.54.00:739][  0]LogConfig: Applying CVar settings from Section [ViewDistanceQuality@3] File [C:/Users/Raphael/Documents/Unreal Projects/ScaryTag/Saved/Config/Windows/Scalability.ini]
[2019.12.14-10.54.00:739][  0]LogConfig: Setting CVar [[r.SkeletalMeshLODBias:0]]
[2019.12.14-10.54.00:739][  0]LogConfig: Setting CVar [[r.ViewDistanceScale:1.0]]
[2019.12.14-10.54.00:739][  0]LogConfig: Applying CVar settings from Section [AntiAliasingQuality@3] File [C:/Users/Raphael/Documents/Unreal Projects/ScaryTag/Saved/Config/Windows/Scalability.ini]
[2019.12.14-10.54.00:739][  0]LogConfig: Setting CVar [[r.PostProcessAAQuality:4]]
[2019.12.14-10.54.00:739][  0]LogConfig: Applying CVar settings from Section [ShadowQuality@3] File [C:/Users/Raphael/Documents/Unreal Projects/ScaryTag/Saved/Config/Windows/Scalability.ini]
[2019.12.14-10.54.00:739][  0]LogConfig: Setting CVar [[r.LightFunctionQuality:1]]
[2019.12.14-10.54.00:739][  0]LogConfig: Setting CVar [[r.ShadowQuality:5]]
[2019.12.14-10.54.00:739][  0]LogConfig: Setting CVar [[r.Shadow.CSM.MaxCascades:10]]
[2019.12.14-10.54.00:739][  0]LogConfig: Setting CVar [[r.Shadow.MaxResolution:2048]]
[2019.12.14-10.54.00:739][  0]LogConfig: Setting CVar [[r.Shadow.MaxCSMResolution:2048]]
[2019.12.14-10.54.00:739][  0]LogConfig: Setting CVar [[r.Shadow.RadiusThreshold:0.01]]
[2019.12.14-10.54.00:739][  0]LogConfig: Setting CVar [[r.Shadow.DistanceScale:1.0]]
[2019.12.14-10.54.00:739][  0]LogConfig: Setting CVar [[r.Shadow.CSM.TransitionScale:1.0]]
[2019.12.14-10.54.00:739][  0]LogConfig: Setting CVar [[r.Shadow.PreShadowResolutionFactor:1.0]]
[2019.12.14-10.54.00:739][  0]LogConfig: Setting CVar [[r.DistanceFieldShadowing:1]]
[2019.12.14-10.54.00:739][  0]LogConfig: Setting CVar [[r.DistanceFieldAO:1]]
[2019.12.14-10.54.00:739][  0]LogConfig: Setting CVar [[r.AOQuality:2]]
[2019.12.14-10.54.00:739][  0]LogConfig: Setting CVar [[r.VolumetricFog:1]]
[2019.12.14-10.54.00:739][  0]LogConfig: Setting CVar [[r.VolumetricFog.GridPixelSize:8]]
[2019.12.14-10.54.00:739][  0]LogConfig: Setting CVar [[r.VolumetricFog.GridSizeZ:128]]
[2019.12.14-10.54.00:739][  0]LogConfig: Setting CVar [[r.VolumetricFog.HistoryMissSupersampleCount:4]]
[2019.12.14-10.54.00:739][  0]LogConfig: Setting CVar [[r.LightMaxDrawDistanceScale:1]]
[2019.12.14-10.54.00:739][  0]LogConfig: Setting CVar [[r.CapsuleShadows:1]]
[2019.12.14-10.54.00:739][  0]LogConfig: Applying CVar settings from Section [PostProcessQuality@3] File [C:/Users/Raphael/Documents/Unreal Projects/ScaryTag/Saved/Config/Windows/Scalability.ini]
[2019.12.14-10.54.00:739][  0]LogConfig: Setting CVar [[r.MotionBlurQuality:4]]
[2019.12.14-10.54.00:739][  0]LogConfig: Setting CVar [[r.AmbientOcclusionMipLevelFactor:0.4]]
[2019.12.14-10.54.00:739][  0]LogConfig: Setting CVar [[r.AmbientOcclusionMaxQuality:100]]
[2019.12.14-10.54.00:739][  0]LogConfig: Setting CVar [[r.AmbientOcclusionLevels:-1]]
[2019.12.14-10.54.00:739][  0]LogConfig: Setting CVar [[r.AmbientOcclusionRadiusScale:1.0]]
[2019.12.14-10.54.00:739][  0]LogConfig: Setting CVar [[r.DepthOfFieldQuality:2]]
[2019.12.14-10.54.00:739][  0]LogConfig: Setting CVar [[r.RenderTargetPoolMin:400]]
[2019.12.14-10.54.00:739][  0]LogConfig: Setting CVar [[r.LensFlareQuality:2]]
[2019.12.14-10.54.00:739][  0]LogConfig: Setting CVar [[r.SceneColorFringeQuality:1]]
[2019.12.14-10.54.00:739][  0]LogConfig: Setting CVar [[r.EyeAdaptationQuality:2]]
[2019.12.14-10.54.00:739][  0]LogConfig: Setting CVar [[r.BloomQuality:5]]
[2019.12.14-10.54.00:739][  0]LogConfig: Setting CVar [[r.FastBlurThreshold:100]]
[2019.12.14-10.54.00:739][  0]LogConfig: Setting CVar [[r.Upscale.Quality:3]]
[2019.12.14-10.54.00:739][  0]LogConfig: Setting CVar [[r.Tonemapper.GrainQuantization:1]]
[2019.12.14-10.54.00:739][  0]LogConfig: Setting CVar [[r.LightShaftQuality:1]]
[2019.12.14-10.54.00:739][  0]LogConfig: Setting CVar [[r.Filter.SizeScale:1]]
[2019.12.14-10.54.00:739][  0]LogConfig: Setting CVar [[r.Tonemapper.Quality:5]]
[2019.12.14-10.54.00:739][  0]LogConfig: Setting CVar [[r.DOF.Gather.AccumulatorQuality:1        ; higher gathering accumulator quality]]
[2019.12.14-10.54.00:739][  0]LogConfig: Setting CVar [[r.DOF.Gather.PostfilterMethod:1          ; Median3x3 postfilering method]]
[2019.12.14-10.54.00:739][  0]LogConfig: Setting CVar [[r.DOF.Gather.EnableBokehSettings:0       ; no bokeh simulation when gathering]]
[2019.12.14-10.54.00:739][  0]LogConfig: Setting CVar [[r.DOF.Gather.RingCount:4                 ; medium number of samples when gathering]]
[2019.12.14-10.54.00:739][  0]LogConfig: Setting CVar [[r.DOF.Scatter.ForegroundCompositing:1    ; additive foreground scattering]]
[2019.12.14-10.54.00:739][  0]LogConfig: Setting CVar [[r.DOF.Scatter.BackgroundCompositing:2    ; additive background scattering]]
[2019.12.14-10.54.00:739][  0]LogConfig: Setting CVar [[r.DOF.Scatter.EnableBokehSettings:1      ; bokeh simulation when scattering]]
[2019.12.14-10.54.00:739][  0]LogConfig: Setting CVar [[r.DOF.Scatter.MaxSpriteRatio:0.1         ; only a maximum of 10% of scattered bokeh]]
[2019.12.14-10.54.00:739][  0]LogConfig: Setting CVar [[r.DOF.Recombine.Quality:1                ; cheap slight out of focus]]
[2019.12.14-10.54.00:739][  0]LogConfig: Setting CVar [[r.DOF.Recombine.EnableBokehSettings:0    ; no bokeh simulation on slight out of focus]]
[2019.12.14-10.54.00:739][  0]LogConfig: Setting CVar [[r.DOF.TemporalAAQuality:1                ; more stable temporal accumulation]]
[2019.12.14-10.54.00:739][  0]LogConfig: Setting CVar [[r.DOF.Kernel.MaxForegroundRadius:0.025]]
[2019.12.14-10.54.00:739][  0]LogConfig: Setting CVar [[r.DOF.Kernel.MaxBackgroundRadius:0.025]]
[2019.12.14-10.54.00:739][  0]LogConfig: Applying CVar settings from Section [TextureQuality@3] File [C:/Users/Raphael/Documents/Unreal Projects/ScaryTag/Saved/Config/Windows/Scalability.ini]
[2019.12.14-10.54.00:739][  0]LogConfig: Setting CVar [[r.Streaming.MipBias:0]]
[2019.12.14-10.54.00:739][  0]LogConfig: Setting CVar [[r.Streaming.AmortizeCPUToGPUCopy:0]]
[2019.12.14-10.54.00:739][  0]LogConfig: Setting CVar [[r.Streaming.MaxNumTexturesToStreamPerFrame:0]]
[2019.12.14-10.54.00:739][  0]LogConfig: Setting CVar [[r.Streaming.Boost:1]]
[2019.12.14-10.54.00:739][  0]LogConfig: Setting CVar [[r.MaxAnisotropy:8]]
[2019.12.14-10.54.00:739][  0]LogConfig: Setting CVar [[r.Streaming.LimitPoolSizeToVRAM:0]]
[2019.12.14-10.54.00:739][  0]LogConfig: Setting CVar [[r.Streaming.PoolSize:1000]]
[2019.12.14-10.54.00:739][  0]LogConfig: Setting CVar [[r.Streaming.MaxEffectiveScreenSize:0]]
[2019.12.14-10.54.00:739][  0]LogConfig: Applying CVar settings from Section [EffectsQuality@3] File [C:/Users/Raphael/Documents/Unreal Projects/ScaryTag/Saved/Config/Windows/Scalability.ini]
[2019.12.14-10.54.00:739][  0]LogConfig: Setting CVar [[r.TranslucencyLightingVolumeDim:64]]
[2019.12.14-10.54.00:739][  0]LogConfig: Setting CVar [[r.RefractionQuality:2]]
[2019.12.14-10.54.00:740][  0]LogConfig: Setting CVar [[r.SSR.Quality:3]]
[2019.12.14-10.54.00:740][  0]LogConfig: Setting CVar [[r.SceneColorFormat:4]]
[2019.12.14-10.54.00:740][  0]LogConfig: Setting CVar [[r.DetailMode:2]]
[2019.12.14-10.54.00:740][  0]LogConfig: Setting CVar [[r.TranslucencyVolumeBlur:1]]
[2019.12.14-10.54.00:740][  0]LogConfig: Setting CVar [[r.MaterialQualityLevel:1 ; High quality]]
[2019.12.14-10.54.00:740][  0]LogConfig: Setting CVar [[r.SSS.Scale:1]]
[2019.12.14-10.54.00:740][  0]LogConfig: Setting CVar [[r.SSS.SampleSet:2]]
[2019.12.14-10.54.00:740][  0]LogConfig: Setting CVar [[r.SSS.Quality:1]]
[2019.12.14-10.54.00:740][  0]LogConfig: Setting CVar [[r.SSS.HalfRes:1]]
[2019.12.14-10.54.00:740][  0]LogConfig: Setting CVar [[r.EmitterSpawnRateScale:1.0]]
[2019.12.14-10.54.00:740][  0]LogConfig: Setting CVar [[r.ParticleLightQuality:2]]
[2019.12.14-10.54.00:740][  0]LogConfig: Applying CVar settings from Section [FoliageQuality@3] File [C:/Users/Raphael/Documents/Unreal Projects/ScaryTag/Saved/Config/Windows/Scalability.ini]
[2019.12.14-10.54.00:740][  0]LogConfig: Setting CVar [[foliage.DensityScale:1.0]]
[2019.12.14-10.54.00:740][  0]LogConfig: Setting CVar [[grass.DensityScale:1.0]]
[2019.12.14-10.54.00:740][  0]LogConfig: Applying CVar settings from Section [Startup] File [../../../Engine/Config/ConsoleVariables.ini]
[2019.12.14-10.54.00:740][  0]LogConfig: Setting CVar [[net.UseAdaptiveNetUpdateFrequency:0]]
[2019.12.14-10.54.00:740][  0]LogConfig: Setting CVar [[p.chaos.AllowCreatePhysxBodies:1]]
[2019.12.14-10.54.00:740][  0]LogConfig: Applying CVar settings from Section [ConsoleVariables] File [C:/Users/Raphael/Documents/Unreal Projects/ScaryTag/Saved/Config/Windows/Engine.ini]
[2019.12.14-10.54.00:740][  0]LogInit: Computer: MSI
[2019.12.14-10.54.00:740][  0]LogInit: User: Raphael
[2019.12.14-10.54.00:740][  0]LogInit: CPU Page size=4096, Cores=6
[2019.12.14-10.54.00:740][  0]LogInit: High frequency timer resolution =10.000000 MHz
[2019.12.14-10.54.00:740][  0]LogMemory: Memory total: Physical=31.8GB (32GB approx)
[2019.12.14-10.54.00:740][  0]LogMemory: Platform Memory Stats for Windows
[2019.12.14-10.54.00:740][  0]LogMemory: Process Physical Memory: 101.89 MB used, 101.89 MB peak
[2019.12.14-10.54.00:740][  0]LogMemory: Process Virtual Memory: 100.00 MB used, 100.00 MB peak
[2019.12.14-10.54.00:740][  0]LogMemory: Physical Memory: 7594.18 MB used,  25015.88 MB free, 32610.06 MB total
[2019.12.14-10.54.00:740][  0]LogMemory: Virtual Memory: 4699.81 MB used,  134213032.00 MB free, 134217728.00 MB total
[2019.12.14-10.54.00:743][  0]LogWindows: WindowsPlatformFeatures enabled
[2019.12.14-10.54.00:766][  0]LogInit: Using OS detected language (en-US).
[2019.12.14-10.54.00:766][  0]LogInit: Using OS detected locale (en-US).
[2019.12.14-10.54.00:766][  0]LogTextLocalizationManager: No specific localization for 'en-US' exists, so the 'en' localization will be used.
[2019.12.14-10.54.00:949][  0]LogInit: Setting process to per monitor DPI aware
[2019.12.14-10.54.00:985][  0]LogSlate: New Slate User Created.  User Index 0, Is Virtual User: 0
[2019.12.14-10.54.00:985][  0]LogSlate: Slate User Registered.  User Index 0, Is Virtual User: 0
[2019.12.14-10.54.01:177][  0]LogHMD: Failed to initialize OpenVR with code 110
[2019.12.14-10.54.01:177][  0]LogD3D11RHI: D3D11 adapters:
[2019.12.14-10.54.01:257][  0]LogD3D11RHI:    0. 'NVIDIA GeForce RTX 2060' (Feature Level 11_0)
[2019.12.14-10.54.01:257][  0]LogD3D11RHI:       5980/0/16305 MB DedicatedVideo/DedicatedSystem/SharedSystem, Outputs:1, VendorId:0x10de
[2019.12.14-10.54.01:283][  0]LogD3D11RHI:    1. 'Intel(R) UHD Graphics 630' (Feature Level 11_0)
[2019.12.14-10.54.01:283][  0]LogD3D11RHI:       128/0/16305 MB DedicatedVideo/DedicatedSystem/SharedSystem, Outputs:0, VendorId:0x8086
[2019.12.14-10.54.01:285][  0]LogD3D11RHI:    2. 'Microsoft Basic Render Driver' (Feature Level 11_0)
[2019.12.14-10.54.01:285][  0]LogD3D11RHI:       0/0/16305 MB DedicatedVideo/DedicatedSystem/SharedSystem, Outputs:0, VendorId:0x1414
[2019.12.14-10.54.01:285][  0]LogD3D11RHI: Chosen D3D11 Adapter: 0
[2019.12.14-10.54.01:317][  0]LogD3D11RHI: Creating new Direct3DDevice
[2019.12.14-10.54.01:317][  0]LogD3D11RHI:     GPU DeviceId: 0x1f11 (for the marketing name, search the web for "GPU Device Id")
[2019.12.14-10.54.01:317][  0]LogWindows: EnumDisplayDevices:
[2019.12.14-10.54.01:317][  0]LogWindows:    0. 'Intel(R) UHD Graphics 630' (P:1 D:1)
[2019.12.14-10.54.01:318][  0]LogWindows:    1. 'Intel(R) UHD Graphics 630' (P:0 D:0)
[2019.12.14-10.54.01:318][  0]LogWindows:    2. 'Intel(R) UHD Graphics 630' (P:0 D:0)
[2019.12.14-10.54.01:318][  0]LogWindows:    3. 'NVIDIA GeForce RTX 2060' (P:0 D:0)
[2019.12.14-10.54.01:318][  0]LogWindows:    4. 'NVIDIA GeForce RTX 2060' (P:0 D:0)
[2019.12.14-10.54.01:318][  0]LogWindows:    5. 'NVIDIA GeForce RTX 2060' (P:0 D:0)
[2019.12.14-10.54.01:319][  0]LogWindows:    6. 'NVIDIA GeForce RTX 2060' (P:0 D:0)
[2019.12.14-10.54.01:319][  0]LogWindows: DebugString: PrimaryIsNotTheChoosenAdapter PrimaryIsNotTheChoosenAdapter PrimaryIsNotTheChoosenAdapter FoundDriverCount:4 
[2019.12.14-10.54.01:319][  0]LogD3D11RHI:     Adapter Name: NVIDIA GeForce RTX 2060
[2019.12.14-10.54.01:319][  0]LogD3D11RHI:   Driver Version: 417.77 (internal:25.21.14.1777, unified:417.77)
[2019.12.14-10.54.01:319][  0]LogD3D11RHI:      Driver Date: 1-17-2019
[2019.12.14-10.54.01:319][  0]LogRHI: Texture pool is 4186 MB (70% of 5980 MB)
[2019.12.14-10.54.01:371][  0]LogD3D11RHI: Async texture creation enabled
[2019.12.14-10.54.01:388][  0]LogD3D11RHI: GPU Timing Frequency: 1000.000000 (Debug: 2 2)
[2019.12.14-10.54.01:697][  0]LogTemp: Display: Module 'AllDesktopTargetPlatform' loaded TargetPlatform 'AllDesktop'
[2019.12.14-10.54.01:706][  0]LogTemp: Display: Module 'MacClientTargetPlatform' loaded TargetPlatform 'MacClient'
[2019.12.14-10.54.01:716][  0]LogTemp: Display: Module 'MacNoEditorTargetPlatform' loaded TargetPlatform 'MacNoEditor'
[2019.12.14-10.54.01:725][  0]LogTemp: Display: Module 'MacServerTargetPlatform' loaded TargetPlatform 'MacServer'
[2019.12.14-10.54.01:735][  0]LogTemp: Display: Module 'MacTargetPlatform' loaded TargetPlatform 'Mac'
[2019.12.14-10.54.01:744][  0]LogTemp: Display: Module 'WindowsClientTargetPlatform' loaded TargetPlatform 'WindowsClient'
[2019.12.14-10.54.01:753][  0]LogTemp: Display: Module 'WindowsNoEditorTargetPlatform' loaded TargetPlatform 'WindowsNoEditor'
[2019.12.14-10.54.01:762][  0]LogTemp: Display: Module 'WindowsServerTargetPlatform' loaded TargetPlatform 'WindowsServer'
[2019.12.14-10.54.01:769][  0]LogTemp: Display: Module 'WindowsTargetPlatform' loaded TargetPlatform 'Windows'
[2019.12.14-10.54.01:803][  0]LogTemp: Display: Module 'AndroidTargetPlatform' loaded TargetPlatform 'Android'
[2019.12.14-10.54.01:803][  0]LogTemp: Display: Module 'AndroidTargetPlatform' loaded TargetPlatform 'Android_ASTC'
[2019.12.14-10.54.01:803][  0]LogTemp: Display: Module 'AndroidTargetPlatform' loaded TargetPlatform 'Android_ATC'
[2019.12.14-10.54.01:803][  0]LogTemp: Display: Module 'AndroidTargetPlatform' loaded TargetPlatform 'Android_DXT'
[2019.12.14-10.54.01:803][  0]LogTemp: Display: Module 'AndroidTargetPlatform' loaded TargetPlatform 'Android_ETC1'
[2019.12.14-10.54.01:803][  0]LogTemp: Display: Module 'AndroidTargetPlatform' loaded TargetPlatform 'Android_ETC1a'
[2019.12.14-10.54.01:803][  0]LogTemp: Display: Module 'AndroidTargetPlatform' loaded TargetPlatform 'Android_ETC2'
[2019.12.14-10.54.01:803][  0]LogTemp: Display: Module 'AndroidTargetPlatform' loaded TargetPlatform 'Android_PVRTC'
[2019.12.14-10.54.01:803][  0]LogTemp: Display: Module 'AndroidTargetPlatform' loaded TargetPlatform 'AndroidClient'
[2019.12.14-10.54.01:803][  0]LogTemp: Display: Module 'AndroidTargetPlatform' loaded TargetPlatform 'Android_ASTCClient'
[2019.12.14-10.54.01:803][  0]LogTemp: Display: Module 'AndroidTargetPlatform' loaded TargetPlatform 'Android_ATCClient'
[2019.12.14-10.54.01:803][  0]LogTemp: Display: Module 'AndroidTargetPlatform' loaded TargetPlatform 'Android_DXTClient'
[2019.12.14-10.54.01:803][  0]LogTemp: Display: Module 'AndroidTargetPlatform' loaded TargetPlatform 'Android_ETC1Client'
[2019.12.14-10.54.01:803][  0]LogTemp: Display: Module 'AndroidTargetPlatform' loaded TargetPlatform 'Android_ETC1aClient'
[2019.12.14-10.54.01:804][  0]LogTemp: Display: Module 'AndroidTargetPlatform' loaded TargetPlatform 'Android_ETC2Client'
[2019.12.14-10.54.01:804][  0]LogTemp: Display: Module 'AndroidTargetPlatform' loaded TargetPlatform 'Android_PVRTCClient'
[2019.12.14-10.54.01:804][  0]LogTemp: Display: Module 'AndroidTargetPlatform' loaded TargetPlatform 'Android_Multi'
[2019.12.14-10.54.01:804][  0]LogTemp: Display: Module 'AndroidTargetPlatform' loaded TargetPlatform 'Android_MultiClient'
[2019.12.14-10.54.01:805][  0]LogTemp: Display: Module 'HTML5TargetPlatform' loaded TargetPlatform 'HTML5'
[2019.12.14-10.54.01:822][  0]LogTemp: Display: Module 'IOSTargetPlatform' loaded TargetPlatform 'IOSClient'
[2019.12.14-10.54.01:822][  0]LogTemp: Display: Module 'IOSTargetPlatform' loaded TargetPlatform 'IOS'
[2019.12.14-10.54.01:836][  0]LogTemp: Display: Module 'TVOSTargetPlatform' loaded TargetPlatform 'TVOSClient'
[2019.12.14-10.54.01:836][  0]LogTemp: Display: Module 'TVOSTargetPlatform' loaded TargetPlatform 'TVOS'
[2019.12.14-10.54.01:844][  0]LogTemp: Display: Module 'LinuxClientTargetPlatform' loaded TargetPlatform 'LinuxClient'
[2019.12.14-10.54.01:850][  0]LogTemp: Display: Module 'LinuxNoEditorTargetPlatform' loaded TargetPlatform 'LinuxNoEditor'
[2019.12.14-10.54.01:857][  0]LogTemp: Display: Module 'LinuxServerTargetPlatform' loaded TargetPlatform 'LinuxServer'
[2019.12.14-10.54.01:865][  0]LogTemp: Display: Module 'LinuxTargetPlatform' loaded TargetPlatform 'Linux'
[2019.12.14-10.54.01:892][  0]LogTemp: Display: Module 'LuminTargetPlatform' loaded TargetPlatform 'Lumin'
[2019.12.14-10.54.01:892][  0]LogTemp: Display: Module 'LuminTargetPlatform' loaded TargetPlatform 'LuminClient'
[2019.12.14-10.54.01:892][  0]LogTargetPlatformManager: Display: Building Assets For Windows
[2019.12.14-10.54.01:902][  0]LogAudioDebug: Display: Lib vorbis DLL was dynamically loaded.
[2019.12.14-10.54.01:965][  0]LogShaderCompilers: Guid format shader working directory is -19 characters bigger than the processId version (../../../../../../Users/Raphael/Documents/Unreal Projects/ScaryTag/Intermediate/Shaders/WorkingDirectory/16112/).
[2019.12.14-10.54.01:965][  0]LogShaderCompilers: Cleaned the shader compiler working directory 'C:/Users/Raphael/AppData/Local/Temp/UnrealShaderWorkingDir/754830FC45E81768D56806A6FC3FD636/'.
[2019.12.14-10.54.01:968][  0]LogXGEController: Cannot use XGE Controller as Incredibuild is not installed on this machine.
[2019.12.14-10.54.01:968][  0]LogShaderCompilers: Cannot use XGE Shader Compiler as Incredibuild is not installed on this machine.
[2019.12.14-10.54.01:968][  0]LogShaderCompilers: Display: Using Local Shader Compiler.
[2019.12.14-10.54.02:663][  0]LogDerivedDataCache: Display: Max Cache Size: 512 MB
[2019.12.14-10.54.02:716][  0]LogDerivedDataCache: Loaded boot cache 0.05s 73MB C:/Users/Raphael/AppData/Local/UnrealEngine/4.23/DerivedDataCache/Boot.ddc.
[2019.12.14-10.54.02:716][  0]LogDerivedDataCache: Display: Loaded Boot cache: C:/Users/Raphael/AppData/Local/UnrealEngine/4.23/DerivedDataCache/Boot.ddc
[2019.12.14-10.54.02:716][  0]LogDerivedDataCache: FDerivedDataBackendGraph:  Pak pak cache file ../../../../../../Users/Raphael/Documents/Unreal Projects/ScaryTag/DerivedDataCache/DDC.ddp not found, will not use a pak cache.
[2019.12.14-10.54.02:716][  0]LogDerivedDataCache: Unable to find inner node Pak for hierarchical cache Hierarchy.
[2019.12.14-10.54.02:716][  0]LogDerivedDataCache: FDerivedDataBackendGraph:  CompressedPak pak cache file ../../../../../../Users/Raphael/Documents/Unreal Projects/ScaryTag/DerivedDataCache/Compressed.ddp not found, will not use a pak cache.
[2019.12.14-10.54.02:716][  0]LogDerivedDataCache: Unable to find inner node CompressedPak for hierarchical cache Hierarchy.
[2019.12.14-10.54.02:729][  0]LogDerivedDataCache: Display: Pak cache opened for reading ../../../Engine/DerivedDataCache/Compressed.ddp.
[2019.12.14-10.54.02:729][  0]LogDerivedDataCache: FDerivedDataBackendGraph:  EnterprisePak pak cache file ../../../Enterprise/DerivedDataCache/Compressed.ddp not found, will not use a pak cache.
[2019.12.14-10.54.02:729][  0]LogDerivedDataCache: Unable to find inner node EnterprisePak for hierarchical cache Hierarchy.
[2019.12.14-10.54.02:730][  0]LogDerivedDataCache: Using Local data cache path C:/Users/Raphael/AppData/Local/UnrealEngine/Common/DerivedDataCache: Writable
[2019.12.14-10.54.02:730][  0]LogDerivedDataCache: Shared data cache path not found in *engine.ini, will not use an Shared cache.
[2019.12.14-10.54.02:730][  0]LogDerivedDataCache: Unable to find inner node Shared for hierarchical cache Hierarchy.
[2019.12.14-10.54.02:753][  0]LogMaterial: Verifying Global Shaders for PCD3D_SM5
[2019.12.14-10.54.02:757][  0]LogSlate: Using FreeType 2.6.0
[2019.12.14-10.54.02:757][  0]LogSlate: SlateFontServices - WITH_FREETYPE: 1, WITH_HARFBUZZ: 1
[2019.12.14-10.54.02:815][  0]LogAssetRegistry: FAssetRegistry took 0.0026 seconds to start up
[2019.12.14-10.54.03:095][  0]LogInit: Selected Device Profile: [Windows]
[2019.12.14-10.54.03:248][  0]LogMeshReduction: Using QuadricMeshReduction for automatic static mesh reduction
[2019.12.14-10.54.03:248][  0]LogMeshReduction: Using SimplygonMeshReduction for automatic skeletal mesh reduction
[2019.12.14-10.54.03:248][  0]LogMeshReduction: Using ProxyLODMeshReduction for automatic mesh merging
[2019.12.14-10.54.03:248][  0]LogMeshReduction: No distributed automatic mesh merging module available
[2019.12.14-10.54.03:248][  0]LogMeshMerging: No distributed automatic mesh merging module available
[2019.12.14-10.54.03:257][  0]LogNetVersion: ScaryTag 1.0.0, NetCL: 8386587, EngineNetVer: 11, GameNetVer: 0 (Checksum: 1429931664)
[2019.12.14-10.54.03:681][  0]LogPackageLocalizationCache: Processed 13 localized package path(s) for 1 prioritized culture(s) in 0.055959 seconds
[2019.12.14-10.54.03:691][  0]LogUObjectArray: 43444 objects as part of root set at end of initial load.
[2019.12.14-10.54.03:691][  0]LogUObjectAllocator: 7548648 out of 0 bytes used by permanent object pool.
[2019.12.14-10.54.03:691][  0]LogUObjectArray: CloseDisregardForGC: 0/0 objects in disregard for GC pool
[2019.12.14-10.54.05:958][  0]LogTcpMessaging: Initializing TcpMessaging bridge
[2019.12.14-10.54.05:962][  0]LogUdpMessaging: Initializing bridge on interface 0.0.0.0:0 to multicast group 230.0.0.1:6666.
[2019.12.14-10.54.06:105][  0]SourceControl: Source control is disabled
[2019.12.14-10.54.06:105][  0]SourceControl: Source control is disabled
[2019.12.14-10.54.06:108][  0]SourceControl: Source control is disabled
[2019.12.14-10.54.06:110][  0]SourceControl: Source control is disabled
[2019.12.14-10.54.06:299][  0]LogAndroidPermission: UAndroidPermissionCallbackProxy::GetInstance
[2019.12.14-10.54.06:489][  0]LogOcInput: OculusInput pre-init called
[2019.12.14-10.54.06:498][  0]LogWindows: Failed to load 'OVRPlugin.dll' (GetLastError=126)
[2019.12.14-10.54.06:498][  0]LogWindows: File 'OVRPlugin.dll' does not exist
[2019.12.14-10.54.06:563][  0]LogPython: Python Scripts search path: ../../../../../../Users/Raphael/Documents/Unreal Projects/ScaryTag/Content/Scripts
[2019.12.14-10.54.06:563][  0]LogPython: Python Scripts search path: ../../../Engine/Plugins/UnrealEnginePython
[2019.12.14-10.54.06:563][  0]LogPython: Python VM initialized: 3.6.2 (v3.6.2:5fd33b5, Jul  8 2017, 04:57:36) [MSC v.1900 64 bit (AMD64)]
[2019.12.14-10.54.07:206][  0]LogPython: ####################----------Python Integration for Megascans Initialized----------####################
[2019.12.14-10.54.07:206][  0]LogPython: 

[2019.12.14-10.54.07:206][  0]LogPython: C:\Program Files\Epic Games\UE_4.23\Engine\Plugins\UnrealEnginePython\
[2019.12.14-10.54.07:206][  0]LogPython: 

[2019.12.14-10.54.07:491][  0]LogPython: Megascans Integration - LiveLink Initialized...
[2019.12.14-10.54.07:491][  0]LogPython: 

[2019.12.14-10.54.07:493][  0]LogPython: ue_site Python module successfully imported
[2019.12.14-10.54.07:632][  0]LogEngine: Initializing Engine...
[2019.12.14-10.54.07:633][  0]LogHMD: Failed to initialize OpenVR with code 110
[2019.12.14-10.54.07:634][  0]LogStats: UGameplayTagsManager::InitializeManager -  0.000 s
[2019.12.14-10.54.08:084][  0]LogInit: Initializing FReadOnlyCVARCache
[2019.12.14-10.54.08:109][  0]LogAIModule: Creating AISystem for world Untitled
[2019.12.14-10.54.08:135][  0]LogInit: XAudio2 using 'Speakers (Realtek(R) Audio)' : 2 channels at 48 kHz using 32 bits per sample (channel mask 0x3)
[2019.12.14-10.54.08:206][  0]LogInit: FAudioDevice initialized.
[2019.12.14-10.54.08:206][  0]LogNetVersion: Set ProjectVersion to 1.0.0.0. Version Checksum will be recalculated on next use.
[2019.12.14-10.54.08:268][  0]LogDerivedDataCache: Saved boot cache 0.06s 73MB C:/Users/Raphael/AppData/Local/UnrealEngine/4.23/DerivedDataCache/Boot.ddc.
[2019.12.14-10.54.08:274][  0]LogInit: Texture streaming: Enabled
[2019.12.14-10.54.08:300][  0]LogEngineSessionManager: EngineSessionManager initialized
[2019.12.14-10.54.08:300][  0]LogEditorSessionSummary: Verbose: Initializing EditorSessionSummaryWriter for editor session tracking
[2019.12.14-10.54.08:301][  0]LogEditorSessionSummary: EditorSessionSummaryWriter initialized
[2019.12.14-10.54.08:375][  0]LogInit: Transaction tracking system initialized
[2019.12.14-10.54.08:421][  0]BlueprintLog: New page: Editor Load
[2019.12.14-10.54.08:540][  0]LocalizationService: Localization service is disabled
[2019.12.14-10.54.09:065][  0]LogFileCache: Scanning file cache for directory 'C:/Users/Raphael/Documents/Unreal Projects/ScaryTag/Content/' took 0.01s
[2019.12.14-10.54.09:065][  0]LogCook: Display: Max memory allowance for cook 16384mb min free memory 0mb
[2019.12.14-10.54.09:065][  0]LogCook: Display: Mobile HDR setting 1
[2019.12.14-10.54.09:447][  0]SourceControl: Source control is disabled
[2019.12.14-10.54.09:588][  0]LogSlate: Took 0.006134 seconds to synchronously load lazily loaded font '../../../Engine/Content/Slate/Fonts/Roboto-Regular.ttf' (155K)
[2019.12.14-10.54.21:755][  0]LogSlate: Window 'Restore Packages' being destroyed
[2019.12.14-10.54.21:756][  0]LogWindowsTextInputMethodSystem: Display: IME system now deactivated.
[2019.12.14-10.54.21:759][  0]LogWindowsTextInputMethodSystem: Display: IME system now deactivated.
[2019.12.14-10.54.22:759][  0]LogSlate: Window 'Unable to Check Out From Source Control!' being destroyed
[2019.12.14-10.54.22:760][  0]LogWindowsTextInputMethodSystem: Display: IME system now deactivated.
[2019.12.14-10.54.22:765][  0]LogWindowsTextInputMethodSystem: Display: IME system now deactivated.
[2019.12.14-10.54.22:828][  0]Cmd: MAP LOAD FILE="../../../../../../Users/Raphael/Documents/Unreal Projects/ScaryTag/Content/ThirdPersonBP/Maps/ThirdPersonExampleMap.umap" TEMPLATE=0 SHOWPROGRESS=1 FEATURELEVEL=3
[2019.12.14-10.54.22:841][  0]LightingResults: New page: Lighting Build
[2019.12.14-10.54.22:845][  0]LogWorld: UWorld::CleanupWorld for Untitled, bSessionEnded=true, bCleanupResources=true
[2019.12.14-10.54.22:845][  0]MapCheck: New page: Map Check
[2019.12.14-10.54.22:845][  0]LightingResults: New page: Lighting Build
[2019.12.14-10.54.22:877][  0]LogUObjectHash: Compacting FUObjectHashTables data took   1.51ms
[2019.12.14-10.54.23:774][  0]LogAIModule: Creating AISystem for world ThirdPersonExampleMap
[2019.12.14-10.54.23:793][  0]LogEditorServer: Finished looking for orphan Actors (0.000 secs)
[2019.12.14-10.54.23:832][  0]LogUObjectHash: Compacting FUObjectHashTables data took   2.53ms
[2019.12.14-10.54.23:833][  0]Cmd: MAP CHECKDEP NOCLEARLOG
[2019.12.14-10.54.23:833][  0]MapCheck: Map check complete: 0 Error(s), 0 Warning(s), took 0.121ms to complete.
[2019.12.14-10.54.23:833][  0]LogFileHelpers: Loading map 'ThirdPersonExampleMap' took 1.006
[2019.12.14-10.54.23:914][  0]LogSlate: Updating window title bar state: overlay mode, drag disabled, window buttons hidden, title bar hidden
[2019.12.14-10.54.23:922][  0]LogSlate: Updating window title bar state: overlay mode, drag disabled, window buttons hidden, title bar hidden
[2019.12.14-10.54.23:930][  0]LogSlate: Updating window title bar state: overlay mode, drag disabled, window buttons hidden, title bar hidden
[2019.12.14-10.54.23:938][  0]LogSlate: Updating window title bar state: overlay mode, drag disabled, window buttons hidden, title bar hidden
[2019.12.14-10.54.23:950][  0]LogCollectionManager: Loaded 0 collections in 0.002106 seconds
[2019.12.14-10.54.23:958][  0]LogFileCache: Scanning file cache for directory 'C:/Users/Raphael/Documents/Unreal Projects/ScaryTag/Saved/Collections/' took 0.00s
[2019.12.14-10.54.23:958][  0]LogFileCache: Scanning file cache for directory 'C:/Users/Raphael/Documents/Unreal Projects/ScaryTag/Content/Developers/Raphael/Collections/' took 0.00s
[2019.12.14-10.54.23:958][  0]LogFileCache: Scanning file cache for directory 'C:/Users/Raphael/Documents/Unreal Projects/ScaryTag/Content/Collections/' took 0.00s
[2019.12.14-10.54.23:958][  0]LogCollectionManager: Rebuilt the GUID cache for 0 collections in 0.000002 seconds
[2019.12.14-10.54.23:969][  0]LogContentBrowser: Native class hierarchy populated in 0.0113 seconds. Added 2882 classes and 687 folders.
[2019.12.14-10.54.23:980][  0]LogContentBrowser: Native class hierarchy updated for 'WidgetCarousel' in 0.0002 seconds. Added 0 classes and 0 folders.
[2019.12.14-10.54.24:313][  0]LogContentBrowser: Native class hierarchy updated for 'AddContentDialog' in 0.0002 seconds. Added 0 classes and 0 folders.
[2019.12.14-10.54.24:320][  0]LogContentBrowser: Native class hierarchy updated for 'SceneOutliner' in 0.0002 seconds. Added 1 classes and 2 folders.
[2019.12.14-10.54.24:355][  0]LogSlate: Took 0.007489 seconds to synchronously load lazily loaded font '../../../Engine/Content/Slate/Fonts/Roboto-Bold.ttf' (160K)
[2019.12.14-10.54.24:366][  0]LogSlate: Took 0.006880 seconds to synchronously load lazily loaded font '../../../Engine/Content/Editor/Slate/Fonts/FontAwesome.ttf' (139K)
[2019.12.14-10.54.24:467][  0]LogRenderer: Reallocating scene render targets to support 1208x568 Format 10 NumSamples 1 (Frame:1).
[2019.12.14-10.54.24:572][  0]LogContentBrowser: Native class hierarchy updated for 'HierarchicalLODOutliner' in 0.0002 seconds. Added 0 classes and 0 folders.
[2019.12.14-10.54.24:573][  0]LogLoad: (Engine Initialization) Total time: 24.90 seconds
[2019.12.14-10.54.24:573][  0]LogLoad: (Engine Initialization) Total Blueprint compile time: 0.00 seconds
[2019.12.14-10.54.24:633][  0]LogContentStreaming: Texture pool size now 1000 MB
[2019.12.14-10.54.24:678][  0]LogSlate: Took 0.005801 seconds to synchronously load lazily loaded font '../../../Engine/Content/Slate/Fonts/Roboto-Light.ttf' (167K)
[2019.12.14-10.54.24:846][  4]LogPython: tcp server spawned on 127.0.0.1:13428
[2019.12.14-10.54.25:703][ 20]LogAssetRegistry: Asset discovery search completed in 22.8899 seconds
[2019.12.14-10.54.25:707][ 20]LogCollectionManager: Rebuilt the object cache for 0 collections in 0.000008 seconds (found 0 objects)
[2019.12.14-10.54.25:707][ 20]LogCollectionManager: Fixed up redirectors for 0 collections in 0.000065 seconds (updated 0 objects)
[2019.12.14-10.54.25:716][ 20]LogSlate: Took 0.000146 seconds to synchronously load lazily loaded font '../../../Engine/Content/Slate/Fonts/Roboto-Light.ttf' (167K)
[2019.12.14-10.54.26:188][ 67]LogSlate: FSceneViewport::OnFocusLost() reason 0
[2019.12.14-10.54.31:706][721]LogSlate: FSceneViewport::OnFocusLost() reason 0
[2019.12.14-10.54.34:101][  1]LogTemp: Repeating last play command: Selected Viewport
[2019.12.14-10.54.34:119][  1]LogBlueprintUserMessages: Early PlayInEditor Detection: Level '/Game/ThirdPersonBP/Maps/ThirdPersonExampleMap.ThirdPersonExampleMap:PersistentLevel' has LevelScriptBlueprint '/Game/ThirdPersonBP/Maps/ThirdPersonExampleMap.ThirdPersonExampleMap:PersistentLevel.ThirdPersonExampleMap' with GeneratedClass '/Game/ThirdPersonBP/Maps/ThirdPersonExampleMap.ThirdPersonExampleMap_C' with ClassGeneratedBy '/Game/ThirdPersonBP/Maps/ThirdPersonExampleMap.ThirdPersonExampleMap:PersistentLevel.ThirdPersonExampleMap'
[2019.12.14-10.54.34:119][  1]LogPlayLevel: PlayLevel: No blueprints needed recompiling
[2019.12.14-10.54.34:119][  1]PIE: New page: PIE session: ThirdPersonExampleMap (Dec 14, 2019, 12:54:34 AM)
[2019.12.14-10.54.34:120][  1]LogOnline: OSS: Creating online subsystem instance for: NULL
[2019.12.14-10.54.34:121][  1]LogPlayLevel: Creating play world package: /Game/ThirdPersonBP/Maps/UEDPIE_0_ThirdPersonExampleMap
[2019.12.14-10.54.34:136][  1]LogPlayLevel: PIE: StaticDuplicateObject took: (0.014333s)
[2019.12.14-10.54.34:137][  1]LogAIModule: Creating AISystem for world ThirdPersonExampleMap
[2019.12.14-10.54.34:137][  1]LogPlayLevel: PIE: World Init took: (0.001062s)
[2019.12.14-10.54.34:137][  1]LogPlayLevel: PIE: Created PIE world by copying editor world from /Game/ThirdPersonBP/Maps/ThirdPersonExampleMap.ThirdPersonExampleMap to /Game/ThirdPersonBP/Maps/UEDPIE_0_ThirdPersonExampleMap.ThirdPersonExampleMap (0.015636s)
[2019.12.14-10.54.34:165][  1]LogUObjectHash: Compacting FUObjectHashTables data took   1.27ms
[2019.12.14-10.54.34:175][  1]LogInit: XAudio2 using 'Speakers (Realtek(R) Audio)' : 2 channels at 48 kHz using 32 bits per sample (channel mask 0x3)
[2019.12.14-10.54.34:225][  1]LogInit: FAudioDevice initialized.
[2019.12.14-10.54.34:235][  1]LogLoad: Game class is 'ThirdPersonGameMode_C'
[2019.12.14-10.54.34:238][  1]LogWorld: Bringing World /Game/ThirdPersonBP/Maps/UEDPIE_0_ThirdPersonExampleMap.ThirdPersonExampleMap up for play (max tick rate 0) at 2019.12.14-05.54.34
[2019.12.14-10.54.34:244][  1]LogWorld: Bringing up level for play took: 0.007254
[2019.12.14-10.54.34:244][  1]LogOnline: OSS: Creating online subsystem instance for: :Context_1
[2019.12.14-10.54.34:254][  1]LogContentBrowser: Native class hierarchy updated for 'MovieSceneCapture' in 0.0003 seconds. Added 20 classes and 0 folders.
[2019.12.14-10.54.34:269][  1]PIE: Play in editor start time for /Game/ThirdPersonBP/Maps/UEDPIE_0_ThirdPersonExampleMap 0.99
[2019.12.14-10.54.34:269][  1]LogBlueprintUserMessages: Late PlayInEditor Detection: Level '/Game/ThirdPersonBP/Maps/ThirdPersonExampleMap.ThirdPersonExampleMap:PersistentLevel' has LevelScriptBlueprint '/Game/ThirdPersonBP/Maps/ThirdPersonExampleMap.ThirdPersonExampleMap:PersistentLevel.ThirdPersonExampleMap' with GeneratedClass '/Game/ThirdPersonBP/Maps/ThirdPersonExampleMap.ThirdPersonExampleMap_C' with ClassGeneratedBy '/Game/ThirdPersonBP/Maps/ThirdPersonExampleMap.ThirdPersonExampleMap:PersistentLevel.ThirdPersonExampleMap'
[2019.12.14-10.54.40:528][740]LogBlueprintUserMessages: Early EndPlayMap Detection: Level '/Game/ThirdPersonBP/Maps/ThirdPersonExampleMap.ThirdPersonExampleMap:PersistentLevel' has LevelScriptBlueprint '/Game/ThirdPersonBP/Maps/ThirdPersonExampleMap.ThirdPersonExampleMap:PersistentLevel.ThirdPersonExampleMap' with GeneratedClass '/Game/ThirdPersonBP/Maps/ThirdPersonExampleMap.ThirdPersonExampleMap_C' with ClassGeneratedBy '/Game/ThirdPersonBP/Maps/ThirdPersonExampleMap.ThirdPersonExampleMap:PersistentLevel.ThirdPersonExampleMap'
[2019.12.14-10.54.40:528][740]LogSlate: Updating window title bar state: overlay mode, drag disabled, window buttons hidden, title bar hidden
[2019.12.14-10.54.40:528][740]LogWorld: BeginTearingDown for /Game/ThirdPersonBP/Maps/UEDPIE_0_ThirdPersonExampleMap
[2019.12.14-10.54.40:529][740]LogWorld: UWorld::CleanupWorld for ThirdPersonExampleMap, bSessionEnded=true, bCleanupResources=true
[2019.12.14-10.54.40:536][740]LogPlayLevel: Display: Shutting down PIE online subsystems
[2019.12.14-10.54.40:536][740]LogBlueprintUserMessages: Late EndPlayMap Detection: Level '/Game/ThirdPersonBP/Maps/ThirdPersonExampleMap.ThirdPersonExampleMap:PersistentLevel' has LevelScriptBlueprint '/Game/ThirdPersonBP/Maps/ThirdPersonExampleMap.ThirdPersonExampleMap:PersistentLevel.ThirdPersonExampleMap' with GeneratedClass '/Game/ThirdPersonBP/Maps/ThirdPersonExampleMap.ThirdPersonExampleMap_C' with ClassGeneratedBy '/Game/ThirdPersonBP/Maps/ThirdPersonExampleMap.ThirdPersonExampleMap:PersistentLevel.ThirdPersonExampleMap'
[2019.12.14-10.54.40:572][740]LogSlate: Updating window title bar state: overlay mode, drag disabled, window buttons hidden, title bar hidden
[2019.12.14-10.54.40:580][740]LogUObjectHash: Compacting FUObjectHashTables data took   1.92ms
[2019.12.14-10.54.40:591][741]LogPlayLevel: Display: Destroying online subsystem :Context_1
[2019.12.14-10.54.44:151][164]LogEditorViewport: Clicking on Actor (LMB): SimpleAI_C (SimpleAI2)
[2019.12.14-10.54.47:251][511]LogSlate: FSceneViewport::OnFocusLost() reason 0
[2019.12.14-10.54.47:336][521]LogTemp: Repeating last play command: Selected Viewport
[2019.12.14-10.54.47:354][521]LogBlueprintUserMessages: Early PlayInEditor Detection: Level '/Game/ThirdPersonBP/Maps/ThirdPersonExampleMap.ThirdPersonExampleMap:PersistentLevel' has LevelScriptBlueprint '/Game/ThirdPersonBP/Maps/ThirdPersonExampleMap.ThirdPersonExampleMap:PersistentLevel.ThirdPersonExampleMap' with GeneratedClass '/Game/ThirdPersonBP/Maps/ThirdPersonExampleMap.ThirdPersonExampleMap_C' with ClassGeneratedBy '/Game/ThirdPersonBP/Maps/ThirdPersonExampleMap.ThirdPersonExampleMap:PersistentLevel.ThirdPersonExampleMap'
[2019.12.14-10.54.47:354][521]LogPlayLevel: PlayLevel: No blueprints needed recompiling
[2019.12.14-10.54.47:354][521]PIE: New page: PIE session: ThirdPersonExampleMap (Dec 14, 2019, 12:54:47 AM)
[2019.12.14-10.54.47:354][521]LogPlayLevel: Creating play world package: /Game/ThirdPersonBP/Maps/UEDPIE_0_ThirdPersonExampleMap
[2019.12.14-10.54.47:365][521]LogPlayLevel: PIE: StaticDuplicateObject took: (0.010993s)
[2019.12.14-10.54.47:366][521]LogAIModule: Creating AISystem for world ThirdPersonExampleMap
[2019.12.14-10.54.47:367][521]LogPlayLevel: PIE: World Init took: (0.001181s)
[2019.12.14-10.54.47:367][521]LogPlayLevel: PIE: Created PIE world by copying editor world from /Game/ThirdPersonBP/Maps/ThirdPersonExampleMap.ThirdPersonExampleMap to /Game/ThirdPersonBP/Maps/UEDPIE_0_ThirdPersonExampleMap.ThirdPersonExampleMap (0.012320s)
[2019.12.14-10.54.47:398][521]LogUObjectHash: Compacting FUObjectHashTables data took   1.29ms
[2019.12.14-10.54.47:407][521]LogInit: XAudio2 using 'Speakers (Realtek(R) Audio)' : 2 channels at 48 kHz using 32 bits per sample (channel mask 0x3)
[2019.12.14-10.54.47:455][521]LogInit: FAudioDevice initialized.
[2019.12.14-10.54.47:463][521]LogLoad: Game class is 'ThirdPersonGameMode_C'
[2019.12.14-10.54.47:465][521]LogWorld: Bringing World /Game/ThirdPersonBP/Maps/UEDPIE_0_ThirdPersonExampleMap.ThirdPersonExampleMap up for play (max tick rate 0) at 2019.12.14-05.54.47
[2019.12.14-10.54.47:465][521]LogWorld: Bringing up level for play took: 0.001432
[2019.12.14-10.54.47:465][521]LogOnline: OSS: Creating online subsystem instance for: :Context_4
[2019.12.14-10.54.47:470][521]PIE: Play in editor start time for /Game/ThirdPersonBP/Maps/UEDPIE_0_ThirdPersonExampleMap 0.191
[2019.12.14-10.54.47:470][521]LogBlueprintUserMessages: Late PlayInEditor Detection: Level '/Game/ThirdPersonBP/Maps/ThirdPersonExampleMap.ThirdPersonExampleMap:PersistentLevel' has LevelScriptBlueprint '/Game/ThirdPersonBP/Maps/ThirdPersonExampleMap.ThirdPersonExampleMap:PersistentLevel.ThirdPersonExampleMap' with GeneratedClass '/Game/ThirdPersonBP/Maps/ThirdPersonExampleMap.ThirdPersonExampleMap_C' with ClassGeneratedBy '/Game/ThirdPersonBP/Maps/ThirdPersonExampleMap.ThirdPersonExampleMap:PersistentLevel.ThirdPersonExampleMap'
[2019.12.14-10.54.49:258][733]LogBlueprintUserMessages: Early EndPlayMap Detection: Level '/Game/ThirdPersonBP/Maps/ThirdPersonExampleMap.ThirdPersonExampleMap:PersistentLevel' has LevelScriptBlueprint '/Game/ThirdPersonBP/Maps/ThirdPersonExampleMap.ThirdPersonExampleMap:PersistentLevel.ThirdPersonExampleMap' with GeneratedClass '/Game/ThirdPersonBP/Maps/ThirdPersonExampleMap.ThirdPersonExampleMap_C' with ClassGeneratedBy '/Game/ThirdPersonBP/Maps/ThirdPersonExampleMap.ThirdPersonExampleMap:PersistentLevel.ThirdPersonExampleMap'
[2019.12.14-10.54.49:258][733]LogSlate: Updating window title bar state: overlay mode, drag disabled, window buttons hidden, title bar hidden
[2019.12.14-10.54.49:258][733]LogWorld: BeginTearingDown for /Game/ThirdPersonBP/Maps/UEDPIE_0_ThirdPersonExampleMap
[2019.12.14-10.54.49:258][733]LogWorld: UWorld::CleanupWorld for ThirdPersonExampleMap, bSessionEnded=true, bCleanupResources=true
[2019.12.14-10.54.49:270][733]LogPlayLevel: Display: Shutting down PIE online subsystems
[2019.12.14-10.54.49:270][733]LogBlueprintUserMessages: Late EndPlayMap Detection: Level '/Game/ThirdPersonBP/Maps/ThirdPersonExampleMap.ThirdPersonExampleMap:PersistentLevel' has LevelScriptBlueprint '/Game/ThirdPersonBP/Maps/ThirdPersonExampleMap.ThirdPersonExampleMap:PersistentLevel.ThirdPersonExampleMap' with GeneratedClass '/Game/ThirdPersonBP/Maps/ThirdPersonExampleMap.ThirdPersonExampleMap_C' with ClassGeneratedBy '/Game/ThirdPersonBP/Maps/ThirdPersonExampleMap.ThirdPersonExampleMap:PersistentLevel.ThirdPersonExampleMap'
[2019.12.14-10.54.49:306][733]LogSlate: Updating window title bar state: overlay mode, drag disabled, window buttons hidden, title bar hidden
[2019.12.14-10.54.49:309][733]LogUObjectHash: Compacting FUObjectHashTables data took   1.56ms
[2019.12.14-10.54.49:358][737]LogPlayLevel: Display: Destroying online subsystem :Context_4
[2019.12.14-10.54.52:951][166]LogSlate: FSceneViewport::OnFocusLost() reason 0
[2019.12.14-10.55.01:343][148]LogSlate: Prevented a slow task dialog from being summoned while a context menu was open
[2019.12.14-10.55.02:198][148]LogUObjectHash: Compacting FUObjectHashTables data took   2.86ms
[2019.12.14-10.55.15:716][148]LogSlate: Window 'Delete Assets' being destroyed
